 ******* Program HYDRUS
 ******* Welcome to HYDRUS-1D                                                    
 Date:  30. 5.    Time:  12: 0:53
 Units: L = cm   , T = days , M = mmol 


    n      depth     THr       THs       hs       Ks        Ks/KsTop     Beta      Ah        AK        ATh

    1      0.00     0.025     0.400      -2.0   0.238E+03     1.000     0.024     1.000     1.000     1.000
    2      1.00     0.025     0.400      -2.0   0.238E+03     1.000     0.024     1.000     1.000     1.000
    3      2.00     0.025     0.400      -2.0   0.238E+03     1.000     0.023     1.000     1.000     1.000
    4      3.00     0.025     0.400      -2.0   0.238E+03     1.000     0.023     1.000     1.000     1.000
    5      4.00     0.025     0.400      -2.0   0.238E+03     1.000     0.022     1.000     1.000     1.000
    6      5.00     0.025     0.400      -2.0   0.238E+03     1.000     0.022     1.000     1.000     1.000
    7      6.00     0.025     0.400      -2.0   0.238E+03     1.000     0.021     1.000     1.000     1.000
    8      7.00     0.025     0.400      -2.0   0.238E+03     1.000     0.021     1.000     1.000     1.000
    9      8.00     0.025     0.400      -2.0   0.238E+03     1.000     0.020     1.000     1.000     1.000
   10      9.00     0.025     0.400      -2.0   0.238E+03     1.000     0.020     1.000     1.000     1.000
   11     10.00     0.025     0.400      -2.0   0.238E+03     1.000     0.019     1.000     1.000     1.000
   12     11.00     0.025     0.400      -2.0   0.238E+03     1.000     0.019     1.000     1.000     1.000
   13     12.00     0.025     0.400      -2.0   0.238E+03     1.000     0.018     1.000     1.000     1.000
   14     13.00     0.025     0.400      -2.0   0.238E+03     1.000     0.018     1.000     1.000     1.000
   15     14.00     0.025     0.400      -2.0   0.238E+03     1.000     0.017     1.000     1.000     1.000
   16     15.00     0.025     0.400      -2.0   0.238E+03     1.000     0.017     1.000     1.000     1.000
   17     16.00     0.025     0.400      -2.0   0.238E+03     1.000     0.016     1.000     1.000     1.000
   18     17.00     0.025     0.400      -2.0   0.238E+03     1.000     0.016     1.000     1.000     1.000
   19     18.00     0.025     0.400      -2.0   0.238E+03     1.000     0.016     1.000     1.000     1.000
   20     19.00     0.025     0.400      -2.0   0.238E+03     1.000     0.015     1.000     1.000     1.000
   21     20.00     0.025     0.400      -2.0   0.238E+03     1.000     0.015     1.000     1.000     1.000
   22     21.00     0.025     0.400      -2.0   0.238E+03     1.000     0.015     1.000     1.000     1.000
   23     22.00     0.025     0.400      -2.0   0.238E+03     1.000     0.014     1.000     1.000     1.000
   24     23.00     0.025     0.400      -2.0   0.238E+03     1.000     0.014     1.000     1.000     1.000
   25     24.00     0.025     0.400      -2.0   0.238E+03     1.000     0.014     1.000     1.000     1.000
   26     25.00     0.025     0.400      -2.0   0.238E+03     1.000     0.013     1.000     1.000     1.000
   27     26.00     0.025     0.400      -2.0   0.238E+03     1.000     0.013     1.000     1.000     1.000
   28     27.00     0.025     0.400      -2.0   0.238E+03     1.000     0.013     1.000     1.000     1.000
   29     28.00     0.025     0.400      -2.0   0.238E+03     1.000     0.012     1.000     1.000     1.000
   30     29.00     0.025     0.400      -2.0   0.238E+03     1.000     0.012     1.000     1.000     1.000
   31     30.00     0.025     0.400      -2.0   0.238E+03     1.000     0.012     1.000     1.000     1.000
   32     31.00     0.025     0.400      -2.0   0.136E+04     5.697     0.011     1.000     1.000     1.000
   33     32.00     0.025     0.400      -2.0   0.136E+04     5.697     0.011     1.000     1.000     1.000
   34     33.00     0.025     0.400      -2.0   0.136E+04     5.697     0.011     1.000     1.000     1.000
   35     34.00     0.025     0.400      -2.0   0.136E+04     5.697     0.011     1.000     1.000     1.000
   36     35.00     0.025     0.400      -2.0   0.136E+04     5.697     0.010     1.000     1.000     1.000
   37     36.00     0.025     0.400      -2.0   0.136E+04     5.697     0.010     1.000     1.000     1.000
   38     37.00     0.025     0.400      -2.0   0.136E+04     5.697     0.010     1.000     1.000     1.000
   39     38.00     0.025     0.400      -2.0   0.136E+04     5.697     0.010     1.000     1.000     1.000
   40     39.00     0.025     0.400      -2.0   0.136E+04     5.697     0.009     1.000     1.000     1.000
   41     40.00     0.025     0.400      -2.0   0.136E+04     5.697     0.009     1.000     1.000     1.000
   42     41.00     0.025     0.400      -2.0   0.136E+04     5.697     0.009     1.000     1.000     1.000
   43     42.00     0.025     0.400      -2.0   0.136E+04     5.697     0.009     1.000     1.000     1.000
   44     43.00     0.025     0.400      -2.0   0.136E+04     5.697     0.009     1.000     1.000     1.000
   45     44.00     0.025     0.400      -2.0   0.136E+04     5.697     0.008     1.000     1.000     1.000
   46     45.00     0.025     0.400      -2.0   0.136E+04     5.697     0.008     1.000     1.000     1.000
   47     46.00     0.025     0.400      -2.0   0.136E+04     5.697     0.008     1.000     1.000     1.000
   48     47.00     0.025     0.400      -2.0   0.136E+04     5.697     0.008     1.000     1.000     1.000
   49     48.00     0.025     0.400      -2.0   0.136E+04     5.697     0.008     1.000     1.000     1.000
   50     49.00     0.025     0.400      -2.0   0.136E+04     5.697     0.007     1.000     1.000     1.000
   51     50.00     0.025     0.400      -2.0   0.136E+04     5.697     0.007     1.000     1.000     1.000
   52     51.00     0.025     0.400      -2.0   0.136E+04     5.697     0.007     1.000     1.000     1.000
   53     52.00     0.025     0.400      -2.0   0.136E+04     5.697     0.007     1.000     1.000     1.000
   54     53.00     0.025     0.400      -2.0   0.136E+04     5.697     0.007     1.000     1.000     1.000
   55     54.00     0.025     0.400      -2.0   0.136E+04     5.697     0.007     1.000     1.000     1.000
   56     55.00     0.025     0.400      -2.0   0.136E+04     5.697     0.006     1.000     1.000     1.000
   57     56.00     0.025     0.400      -2.0   0.136E+04     5.697     0.006     1.000     1.000     1.000
   58     57.00     0.025     0.400      -2.0   0.136E+04     5.697     0.006     1.000     1.000     1.000
   59     58.00     0.025     0.400      -2.0   0.136E+04     5.697     0.006     1.000     1.000     1.000
   60     59.00     0.025     0.400      -2.0   0.136E+04     5.697     0.006     1.000     1.000     1.000
   61     60.00     0.025     0.400      -2.0   0.136E+04     5.697     0.006     1.000     1.000     1.000
   62     61.00     0.025     0.400      -2.0   0.136E+04     5.697     0.006     1.000     1.000     1.000
   63     62.00     0.025     0.400      -2.0   0.136E+04     5.697     0.005     1.000     1.000     1.000
   64     63.00     0.025     0.400      -2.0   0.136E+04     5.697     0.005     1.000     1.000     1.000
   65     64.00     0.025     0.400      -2.0   0.136E+04     5.697     0.005     1.000     1.000     1.000
   66     65.00     0.025     0.400      -2.0   0.136E+04     5.697     0.005     1.000     1.000     1.000
   67     66.00     0.025     0.400      -2.0   0.136E+04     5.697     0.005     1.000     1.000     1.000
   68     67.00     0.025     0.400      -2.0   0.136E+04     5.697     0.005     1.000     1.000     1.000
   69     68.00     0.025     0.400      -2.0   0.136E+04     5.697     0.005     1.000     1.000     1.000
   70     69.00     0.025     0.400      -2.0   0.136E+04     5.697     0.005     1.000     1.000     1.000
   71     70.00     0.025     0.400      -2.0   0.136E+04     5.697     0.004     1.000     1.000     1.000
   72     71.00     0.025     0.400      -2.0   0.136E+04     5.697     0.004     1.000     1.000     1.000
   73     72.00     0.025     0.400      -2.0   0.136E+04     5.697     0.004     1.000     1.000     1.000
   74     73.00     0.025     0.400      -2.0   0.136E+04     5.697     0.004     1.000     1.000     1.000
   75     74.00     0.025     0.400      -2.0   0.136E+04     5.697     0.004     1.000     1.000     1.000
   76     75.00     0.025     0.400      -2.0   0.136E+04     5.697     0.004     1.000     1.000     1.000
   77     76.00     0.025     0.400      -2.0   0.136E+04     5.697     0.004     1.000     1.000     1.000
   78     77.00     0.025     0.400      -2.0   0.136E+04     5.697     0.004     1.000     1.000     1.000
   79     78.00     0.025     0.400      -2.0   0.136E+04     5.697     0.004     1.000     1.000     1.000
   80     79.00     0.025     0.400      -2.0   0.136E+04     5.697     0.004     1.000     1.000     1.000
   81     80.00     0.025     0.400      -2.0   0.136E+04     5.697     0.003     1.000     1.000     1.000
   82     81.00     0.025     0.400      -2.0   0.136E+04     5.697     0.003     1.000     1.000     1.000
   83     82.00     0.025     0.400      -2.0   0.136E+04     5.697     0.003     1.000     1.000     1.000
   84     83.00     0.025     0.400      -2.0   0.136E+04     5.697     0.003     1.000     1.000     1.000
   85     84.00     0.025     0.400      -2.0   0.136E+04     5.697     0.003     1.000     1.000     1.000
   86     85.00     0.025     0.400      -2.0   0.136E+04     5.697     0.003     1.000     1.000     1.000
   87     86.00     0.025     0.400      -2.0   0.136E+04     5.697     0.003     1.000     1.000     1.000
   88     87.00     0.025     0.400      -2.0   0.136E+04     5.697     0.003     1.000     1.000     1.000
   89     88.00     0.025     0.400      -2.0   0.136E+04     5.697     0.003     1.000     1.000     1.000
   90     89.00     0.025     0.400      -2.0   0.136E+04     5.697     0.003     1.000     1.000     1.000
   91     90.00     0.025     0.400      -2.0   0.136E+04     5.697     0.003     1.000     1.000     1.000
   92     91.00     0.025     0.400      -2.0   0.136E+04     5.697     0.003     1.000     1.000     1.000
   93     92.00     0.025     0.400      -2.0   0.136E+04     5.697     0.003     1.000     1.000     1.000
   94     93.00     0.025     0.400      -2.0   0.136E+04     5.697     0.003     1.000     1.000     1.000
   95     94.00     0.025     0.400      -2.0   0.136E+04     5.697     0.002     1.000     1.000     1.000
   96     95.00     0.025     0.400      -2.0   0.136E+04     5.697     0.002     1.000     1.000     1.000
   97     96.00     0.025     0.400      -2.0   0.136E+04     5.697     0.002     1.000     1.000     1.000
   98     97.00     0.025     0.400      -2.0   0.136E+04     5.697     0.002     1.000     1.000     1.000
   99     98.00     0.025     0.400      -2.0   0.136E+04     5.697     0.002     1.000     1.000     1.000
  100     99.00     0.025     0.400      -2.0   0.136E+04     5.697     0.002     1.000     1.000     1.000
  101    100.00     0.025     0.400      -2.0   0.136E+04     5.697     0.002     1.000     1.000     1.000
  102    101.00     0.025     0.400      -2.0   0.136E+04     5.697     0.002     1.000     1.000     1.000
  103    102.00     0.025     0.400      -2.0   0.136E+04     5.697     0.002     1.000     1.000     1.000
  104    103.00     0.025     0.400      -2.0   0.136E+04     5.697     0.002     1.000     1.000     1.000
  105    104.00     0.025     0.400      -2.0   0.136E+04     5.697     0.002     1.000     1.000     1.000
  106    105.00     0.025     0.400      -2.0   0.136E+04     5.697     0.002     1.000     1.000     1.000
  107    106.00     0.025     0.400      -2.0   0.136E+04     5.697     0.002     1.000     1.000     1.000
  108    107.00     0.025     0.400      -2.0   0.136E+04     5.697     0.002     1.000     1.000     1.000
  109    108.00     0.025     0.400      -2.0   0.136E+04     5.697     0.002     1.000     1.000     1.000
  110    109.00     0.025     0.400      -2.0   0.136E+04     5.697     0.002     1.000     1.000     1.000
  111    110.00     0.025     0.400      -2.0   0.136E+04     5.697     0.002     1.000     1.000     1.000
  112    111.00     0.025     0.400      -2.0   0.136E+04     5.697     0.002     1.000     1.000     1.000
  113    112.00     0.025     0.400      -2.0   0.136E+04     5.697     0.002     1.000     1.000     1.000
  114    113.00     0.025     0.400      -2.0   0.136E+04     5.697     0.002     1.000     1.000     1.000
  115    114.00     0.025     0.400      -2.0   0.136E+04     5.697     0.002     1.000     1.000     1.000
  116    115.00     0.025     0.400      -2.0   0.136E+04     5.697     0.001     1.000     1.000     1.000
  117    116.00     0.025     0.400      -2.0   0.136E+04     5.697     0.001     1.000     1.000     1.000
  118    117.00     0.025     0.400      -2.0   0.136E+04     5.697     0.001     1.000     1.000     1.000
  119    118.00     0.025     0.400      -2.0   0.136E+04     5.697     0.001     1.000     1.000     1.000
  120    119.00     0.025     0.400      -2.0   0.136E+04     5.697     0.001     1.000     1.000     1.000
  121    120.00     0.025     0.400      -2.0   0.136E+04     5.697     0.001     1.000     1.000     1.000
  122    121.00     0.025     0.400      -2.0   0.136E+04     5.697     0.001     1.000     1.000     1.000
  123    122.00     0.025     0.400      -2.0   0.136E+04     5.697     0.001     1.000     1.000     1.000
  124    123.00     0.025     0.400      -2.0   0.136E+04     5.697     0.001     1.000     1.000     1.000
  125    124.00     0.025     0.400      -2.0   0.136E+04     5.697     0.001     1.000     1.000     1.000
  126    125.00     0.025     0.400      -2.0   0.136E+04     5.697     0.001     1.000     1.000     1.000
  127    126.00     0.025     0.400      -2.0   0.136E+04     5.697     0.001     1.000     1.000     1.000
  128    127.00     0.025     0.400      -2.0   0.136E+04     5.697     0.001     1.000     1.000     1.000
  129    128.00     0.025     0.400      -2.0   0.136E+04     5.697     0.001     1.000     1.000     1.000
  130    129.00     0.025     0.400      -2.0   0.136E+04     5.697     0.001     1.000     1.000     1.000
  131    130.00     0.025     0.400      -2.0   0.136E+04     5.697     0.001     1.000     1.000     1.000
  132    131.00     0.025     0.400      -2.0   0.136E+04     5.697     0.001     1.000     1.000     1.000
  133    132.00     0.025     0.400      -2.0   0.136E+04     5.697     0.001     1.000     1.000     1.000
  134    133.00     0.025     0.400      -2.0   0.136E+04     5.697     0.001     1.000     1.000     1.000
  135    134.00     0.025     0.400      -2.0   0.136E+04     5.697     0.001     1.000     1.000     1.000
  136    135.00     0.025     0.400      -2.0   0.136E+04     5.697     0.001     1.000     1.000     1.000
  137    136.00     0.025     0.400      -2.0   0.136E+04     5.697     0.001     1.000     1.000     1.000
  138    137.00     0.025     0.400      -2.0   0.136E+04     5.697     0.001     1.000     1.000     1.000
  139    138.00     0.025     0.400      -2.0   0.136E+04     5.697     0.001     1.000     1.000     1.000
  140    139.00     0.025     0.400      -2.0   0.136E+04     5.697     0.001     1.000     1.000     1.000
  141    140.00     0.025     0.400      -2.0   0.136E+04     5.697     0.001     1.000     1.000     1.000
  142    141.00     0.057     0.410      -0.0   0.123E+00     0.001     0.001     1.000     1.000     1.000
  143    142.00     0.057     0.410      -0.0   0.123E+00     0.001     0.001     1.000     1.000     1.000
  144    143.00     0.057     0.410      -0.0   0.123E+00     0.001     0.001     1.000     1.000     1.000
  145    144.00     0.057     0.410      -0.0   0.123E+00     0.001     0.001     1.000     1.000     1.000
  146    145.00     0.057     0.410      -0.0   0.123E+00     0.001     0.001     1.000     1.000     1.000
  147    146.00     0.057     0.410      -0.0   0.123E+00     0.001     0.001     1.000     1.000     1.000
  148    147.00     0.057     0.410      -0.0   0.123E+00     0.001     0.001     1.000     1.000     1.000
  149    148.00     0.057     0.410      -0.0   0.123E+00     0.001     0.001     1.000     1.000     1.000
  150    149.00     0.057     0.410      -0.0   0.123E+00     0.001     0.001     1.000     1.000     1.000
  151    150.00     0.057     0.410      -0.0   0.123E+00     0.001     0.001     1.000     1.000     1.000
  152    151.00     0.057     0.410      -0.0   0.123E+00     0.001     0.001     1.000     1.000     1.000
  153    152.00     0.057     0.410      -0.0   0.123E+00     0.001     0.001     1.000     1.000     1.000
  154    153.00     0.057     0.410      -0.0   0.123E+00     0.001     0.001     1.000     1.000     1.000
  155    154.00     0.057     0.410      -0.0   0.123E+00     0.001     0.001     1.000     1.000     1.000
  156    155.00     0.057     0.410      -0.0   0.123E+00     0.001     0.001     1.000     1.000     1.000
  157    156.00     0.057     0.410      -0.0   0.123E+00     0.001     0.001     1.000     1.000     1.000
  158    157.00     0.057     0.410      -0.0   0.123E+00     0.001     0.001     1.000     1.000     1.000
  159    158.00     0.057     0.410      -0.0   0.123E+00     0.001     0.001     1.000     1.000     1.000
  160    159.00     0.057     0.410      -0.0   0.123E+00     0.001     0.001     1.000     1.000     1.000
  161    160.00     0.057     0.410      -0.0   0.123E+00     0.001     0.000     1.000     1.000     1.000
  162    161.00     0.057     0.410      -0.0   0.123E+00     0.001     0.000     1.000     1.000     1.000
  163    162.00     0.057     0.410      -0.0   0.123E+00     0.001     0.000     1.000     1.000     1.000
  164    163.00     0.057     0.410      -0.0   0.123E+00     0.001     0.000     1.000     1.000     1.000
  165    164.00     0.057     0.410      -0.0   0.123E+00     0.001     0.000     1.000     1.000     1.000
  166    165.00     0.057     0.410      -0.0   0.123E+00     0.001     0.000     1.000     1.000     1.000
  167    166.00     0.057     0.410      -0.0   0.123E+00     0.001     0.000     1.000     1.000     1.000
  168    167.00     0.057     0.410      -0.0   0.123E+00     0.001     0.000     1.000     1.000     1.000
  169    168.00     0.057     0.410      -0.0   0.123E+00     0.001     0.000     1.000     1.000     1.000
  170    169.00     0.057     0.410      -0.0   0.123E+00     0.001     0.000     1.000     1.000     1.000
  171    170.00     0.057     0.410      -0.0   0.123E+00     0.001     0.000     1.000     1.000     1.000
  172    171.00     0.057     0.410      -0.0   0.123E+00     0.001     0.000     1.000     1.000     1.000
  173    172.00     0.057     0.410      -0.0   0.123E+00     0.001     0.000     1.000     1.000     1.000
  174    173.00     0.057     0.410      -0.0   0.123E+00     0.001     0.000     1.000     1.000     1.000
  175    174.00     0.057     0.410      -0.0   0.123E+00     0.001     0.000     1.000     1.000     1.000
  176    175.00     0.057     0.410      -0.0   0.123E+00     0.001     0.000     1.000     1.000     1.000
  177    176.00     0.057     0.410      -0.0   0.123E+00     0.001     0.000     1.000     1.000     1.000
  178    177.00     0.057     0.410      -0.0   0.123E+00     0.001     0.000     1.000     1.000     1.000
  179    178.00     0.057     0.410      -0.0   0.123E+00     0.001     0.000     1.000     1.000     1.000
  180    179.00     0.057     0.410      -0.0   0.123E+00     0.001     0.000     1.000     1.000     1.000
  181    180.00     0.057     0.410      -0.0   0.123E+00     0.001     0.000     1.000     1.000     1.000
  182    181.00     0.057     0.410      -0.0   0.123E+00     0.001     0.000     1.000     1.000     1.000
  183    182.00     0.057     0.410      -0.0   0.123E+00     0.001     0.000     1.000     1.000     1.000
  184    183.00     0.057     0.410      -0.0   0.123E+00     0.001     0.000     1.000     1.000     1.000
  185    184.00     0.057     0.410      -0.0   0.123E+00     0.001     0.000     1.000     1.000     1.000
  186    185.00     0.057     0.410      -0.0   0.123E+00     0.001     0.000     1.000     1.000     1.000
  187    186.00     0.057     0.410      -0.0   0.123E+00     0.001     0.000     1.000     1.000     1.000
  188    187.00     0.057     0.410      -0.0   0.123E+00     0.001     0.000     1.000     1.000     1.000
  189    188.00     0.057     0.410      -0.0   0.123E+00     0.001     0.000     1.000     1.000     1.000
  190    189.00     0.057     0.410      -0.0   0.123E+00     0.001     0.000     1.000     1.000     1.000
  191    190.00     0.057     0.410      -0.0   0.123E+00     0.001     0.000     1.000     1.000     1.000
  192    191.00     0.057     0.410      -0.0   0.123E+00     0.001     0.000     1.000     1.000     1.000
  193    192.00     0.057     0.410      -0.0   0.123E+00     0.001     0.000     1.000     1.000     1.000
  194    193.00     0.057     0.410      -0.0   0.123E+00     0.001     0.000     1.000     1.000     1.000
  195    194.00     0.057     0.410      -0.0   0.123E+00     0.001     0.000     1.000     1.000     1.000
  196    195.00     0.057     0.410      -0.0   0.123E+00     0.001     0.000     1.000     1.000     1.000
  197    196.00     0.057     0.410      -0.0   0.123E+00     0.001     0.000     1.000     1.000     1.000
  198    197.00     0.057     0.410      -0.0   0.123E+00     0.001     0.000     1.000     1.000     1.000
  199    198.00     0.057     0.410      -0.0   0.123E+00     0.001     0.000     1.000     1.000     1.000
  200    199.00     0.057     0.410      -0.0   0.123E+00     0.001     0.000     1.000     1.000     1.000
  201    200.00     0.057     0.410      -0.0   0.123E+00     0.001     0.000     1.000     1.000     1.000
  202    201.00     0.057     0.410      -0.0   0.123E+00     0.001     0.000     1.000     1.000     1.000
  203    202.00     0.057     0.410      -0.0   0.123E+00     0.001     0.000     1.000     1.000     1.000
  204    203.00     0.057     0.410      -0.0   0.123E+00     0.001     0.000     1.000     1.000     1.000
  205    204.00     0.057     0.410      -0.0   0.123E+00     0.001     0.000     1.000     1.000     1.000
  206    205.00     0.057     0.410      -0.0   0.123E+00     0.001     0.000     1.000     1.000     1.000
  207    206.00     0.057     0.410      -0.0   0.123E+00     0.001     0.000     1.000     1.000     1.000
  208    207.00     0.057     0.410      -0.0   0.123E+00     0.001     0.000     1.000     1.000     1.000
  209    208.00     0.057     0.410      -0.0   0.123E+00     0.001     0.000     1.000     1.000     1.000
  210    209.00     0.057     0.410      -0.0   0.123E+00     0.001     0.000     1.000     1.000     1.000
  211    210.00     0.057     0.410      -0.0   0.123E+00     0.001     0.000     1.000     1.000     1.000
  212    211.00     0.057     0.410      -0.0   0.123E+00     0.001     0.000     1.000     1.000     1.000
  213    212.00     0.057     0.410      -0.0   0.123E+00     0.001     0.000     1.000     1.000     1.000
  214    213.00     0.057     0.410      -0.0   0.123E+00     0.001     0.000     1.000     1.000     1.000
  215    214.00     0.057     0.410      -0.0   0.123E+00     0.001     0.000     1.000     1.000     1.000
  216    215.00     0.057     0.410      -0.0   0.123E+00     0.001     0.000     1.000     1.000     1.000
  217    216.00     0.057     0.410      -0.0   0.123E+00     0.001     0.000     1.000     1.000     1.000
  218    217.00     0.057     0.410      -0.0   0.123E+00     0.001     0.000     1.000     1.000     1.000
  219    218.00     0.057     0.410      -0.0   0.123E+00     0.001     0.000     1.000     1.000     1.000
  220    219.00     0.057     0.410      -0.0   0.123E+00     0.001     0.000     1.000     1.000     1.000
  221    220.00     0.057     0.410      -0.0   0.123E+00     0.001     0.000     1.000     1.000     1.000
  222    221.00     0.057     0.410      -0.0   0.123E+00     0.001     0.000     1.000     1.000     1.000
  223    222.00     0.057     0.410      -0.0   0.123E+00     0.001     0.000     1.000     1.000     1.000
  224    223.00     0.057     0.410      -0.0   0.123E+00     0.001     0.000     1.000     1.000     1.000
  225    224.00     0.057     0.410      -0.0   0.123E+00     0.001     0.000     1.000     1.000     1.000
  226    225.00     0.057     0.410      -0.0   0.123E+00     0.001     0.000     1.000     1.000     1.000
  227    226.00     0.057     0.410      -0.0   0.123E+00     0.001     0.000     1.000     1.000     1.000
  228    227.00     0.057     0.410      -0.0   0.123E+00     0.001     0.000     1.000     1.000     1.000
  229    228.00     0.057     0.410      -0.0   0.123E+00     0.001     0.000     1.000     1.000     1.000
  230    229.00     0.057     0.410      -0.0   0.123E+00     0.001     0.000     1.000     1.000     1.000
  231    230.00     0.057     0.410      -0.0   0.123E+00     0.001     0.000     1.000     1.000     1.000
  232    231.00     0.057     0.410      -0.0   0.123E+00     0.001     0.000     1.000     1.000     1.000
  233    232.00     0.057     0.410      -0.0   0.123E+00     0.001     0.000     1.000     1.000     1.000
  234    233.00     0.057     0.410      -0.0   0.123E+00     0.001     0.000     1.000     1.000     1.000
  235    234.00     0.057     0.410      -0.0   0.123E+00     0.001     0.000     1.000     1.000     1.000
  236    235.00     0.057     0.410      -0.0   0.123E+00     0.001     0.000     1.000     1.000     1.000
  237    236.00     0.057     0.410      -0.0   0.123E+00     0.001     0.000     1.000     1.000     1.000
  238    237.00     0.057     0.410      -0.0   0.123E+00     0.001     0.000     1.000     1.000     1.000
  239    238.00     0.057     0.410      -0.0   0.123E+00     0.001     0.000     1.000     1.000     1.000
  240    239.00     0.057     0.410      -0.0   0.123E+00     0.001     0.000     1.000     1.000     1.000
  241    240.00     0.057     0.410      -0.0   0.123E+00     0.001     0.000     1.000     1.000     1.000
  242    241.00     0.057     0.410      -0.0   0.123E+00     0.001     0.000     1.000     1.000     1.000
  243    242.00     0.057     0.410      -0.0   0.123E+00     0.001     0.000     1.000     1.000     1.000
  244    243.00     0.057     0.410      -0.0   0.123E+00     0.001     0.000     1.000     1.000     1.000
  245    244.00     0.057     0.410      -0.0   0.123E+00     0.001     0.000     1.000     1.000     1.000
  246    245.00     0.057     0.410      -0.0   0.123E+00     0.001     0.000     1.000     1.000     1.000
  247    246.00     0.057     0.410      -0.0   0.123E+00     0.001     0.000     1.000     1.000     1.000
  248    247.00     0.057     0.410      -0.0   0.123E+00     0.001     0.000     1.000     1.000     1.000
  249    248.00     0.057     0.410      -0.0   0.123E+00     0.001     0.000     1.000     1.000     1.000
  250    249.00     0.057     0.410      -0.0   0.123E+00     0.001     0.000     1.000     1.000     1.000
  251    250.00     0.057     0.410      -0.0   0.123E+00     0.001     0.000     1.000     1.000     1.000
  252    251.00     0.057     0.410      -0.0   0.123E+00     0.001     0.000     1.000     1.000     1.000
  253    252.00     0.057     0.410      -0.0   0.123E+00     0.001     0.000     1.000     1.000     1.000
  254    253.00     0.057     0.410      -0.0   0.123E+00     0.001     0.000     1.000     1.000     1.000
  255    254.00     0.057     0.410      -0.0   0.123E+00     0.001     0.000     1.000     1.000     1.000
  256    255.00     0.057     0.410      -0.0   0.123E+00     0.001     0.000     1.000     1.000     1.000
  257    256.00     0.057     0.410      -0.0   0.123E+00     0.001     0.000     1.000     1.000     1.000
  258    257.00     0.057     0.410      -0.0   0.123E+00     0.001     0.000     1.000     1.000     1.000
  259    258.00     0.057     0.410      -0.0   0.123E+00     0.001     0.000     1.000     1.000     1.000
  260    259.00     0.057     0.410      -0.0   0.123E+00     0.001     0.000     1.000     1.000     1.000
  261    260.00     0.057     0.410      -0.0   0.123E+00     0.001     0.000     1.000     1.000     1.000
  262    261.00     0.057     0.410      -0.0   0.123E+00     0.001     0.000     1.000     1.000     1.000
  263    262.00     0.057     0.410      -0.0   0.123E+00     0.001     0.000     1.000     1.000     1.000
  264    263.00     0.057     0.410      -0.0   0.123E+00     0.001     0.000     1.000     1.000     1.000
  265    264.00     0.057     0.410      -0.0   0.123E+00     0.001     0.000     1.000     1.000     1.000
  266    265.00     0.057     0.410      -0.0   0.123E+00     0.001     0.000     1.000     1.000     1.000
  267    266.00     0.057     0.410      -0.0   0.123E+00     0.001     0.000     1.000     1.000     1.000
  268    267.00     0.057     0.410      -0.0   0.123E+00     0.001     0.000     1.000     1.000     1.000
  269    268.00     0.057     0.410      -0.0   0.123E+00     0.001     0.000     1.000     1.000     1.000
  270    269.00     0.057     0.410      -0.0   0.123E+00     0.001     0.000     1.000     1.000     1.000
  271    270.00     0.057     0.410      -0.0   0.123E+00     0.001     0.000     1.000     1.000     1.000
  272    271.00     0.057     0.410      -0.0   0.123E+00     0.001     0.000     1.000     1.000     1.000
  273    272.00     0.057     0.410      -0.0   0.123E+00     0.001     0.000     1.000     1.000     1.000
  274    273.00     0.057     0.410      -0.0   0.123E+00     0.001     0.000     1.000     1.000     1.000
  275    274.00     0.057     0.410      -0.0   0.123E+00     0.001     0.000     1.000     1.000     1.000
  276    275.00     0.057     0.410      -0.0   0.123E+00     0.001     0.000     1.000     1.000     1.000
  277    276.00     0.057     0.410      -0.0   0.123E+00     0.001     0.000     1.000     1.000     1.000
  278    277.00     0.057     0.410      -0.0   0.123E+00     0.001     0.000     1.000     1.000     1.000
  279    278.00     0.057     0.410      -0.0   0.123E+00     0.001     0.000     1.000     1.000     1.000
  280    279.00     0.057     0.410      -0.0   0.123E+00     0.001     0.000     1.000     1.000     1.000
  281    280.00     0.057     0.410      -0.0   0.123E+00     0.001     0.000     1.000     1.000     1.000
  282    281.00     0.057     0.410      -0.0   0.123E+00     0.001     0.000     1.000     1.000     1.000
  283    282.00     0.057     0.410      -0.0   0.123E+00     0.001     0.000     1.000     1.000     1.000
  284    283.00     0.057     0.410      -0.0   0.123E+00     0.001     0.000     1.000     1.000     1.000
  285    284.00     0.057     0.410      -0.0   0.123E+00     0.001     0.000     1.000     1.000     1.000
  286    285.00     0.057     0.410      -0.0   0.123E+00     0.001     0.000     1.000     1.000     1.000
  287    286.00     0.057     0.410      -0.0   0.123E+00     0.001     0.000     1.000     1.000     1.000
  288    287.00     0.057     0.410      -0.0   0.123E+00     0.001     0.000     1.000     1.000     1.000
  289    288.00     0.057     0.410      -0.0   0.123E+00     0.001     0.000     1.000     1.000     1.000
  290    289.00     0.057     0.410      -0.0   0.123E+00     0.001     0.000     1.000     1.000     1.000
  291    290.00     0.057     0.410      -0.0   0.123E+00     0.001     0.000     1.000     1.000     1.000
  292    291.00     0.057     0.410      -0.0   0.123E+00     0.001     0.000     1.000     1.000     1.000
  293    292.00     0.057     0.410      -0.0   0.123E+00     0.001     0.000     1.000     1.000     1.000
  294    293.00     0.057     0.410      -0.0   0.123E+00     0.001     0.000     1.000     1.000     1.000
  295    294.00     0.057     0.410      -0.0   0.123E+00     0.001     0.000     1.000     1.000     1.000
  296    295.00     0.057     0.410      -0.0   0.123E+00     0.001     0.000     1.000     1.000     1.000
  297    296.00     0.057     0.410      -0.0   0.123E+00     0.001     0.000     1.000     1.000     1.000
  298    297.00     0.057     0.410      -0.0   0.123E+00     0.001     0.000     1.000     1.000     1.000
  299    298.00     0.057     0.410      -0.0   0.123E+00     0.001     0.000     1.000     1.000     1.000
  300    299.00     0.057     0.410      -0.0   0.123E+00     0.001     0.000     1.000     1.000     1.000
  301    300.00     0.057     0.410      -0.0   0.123E+00     0.001     0.000     1.000     1.000     1.000
  302    301.00     0.057     0.410      -0.0   0.123E+00     0.001     0.000     1.000     1.000     1.000
  303    302.00     0.057     0.410      -0.0   0.123E+00     0.001     0.000     1.000     1.000     1.000
  304    303.00     0.057     0.410      -0.0   0.123E+00     0.001     0.000     1.000     1.000     1.000
  305    304.00     0.057     0.410      -0.0   0.123E+00     0.001     0.000     1.000     1.000     1.000
  306    305.00     0.057     0.410      -0.0   0.123E+00     0.001     0.000     1.000     1.000     1.000
  307    306.00     0.057     0.410      -0.0   0.123E+00     0.001     0.000     1.000     1.000     1.000
  308    307.00     0.057     0.410      -0.0   0.123E+00     0.001     0.000     1.000     1.000     1.000
  309    308.00     0.057     0.410      -0.0   0.123E+00     0.001     0.000     1.000     1.000     1.000
  310    309.00     0.057     0.410      -0.0   0.123E+00     0.001     0.000     1.000     1.000     1.000
  311    310.00     0.057     0.410      -0.0   0.123E+00     0.001     0.000     1.000     1.000     1.000
  312    311.00     0.057     0.410      -0.0   0.123E+00     0.001     0.000     1.000     1.000     1.000
  313    312.00     0.057     0.410      -0.0   0.123E+00     0.001     0.000     1.000     1.000     1.000
  314    313.00     0.057     0.410      -0.0   0.123E+00     0.001     0.000     1.000     1.000     1.000
  315    314.00     0.057     0.410      -0.0   0.123E+00     0.001     0.000     1.000     1.000     1.000
  316    315.00     0.057     0.410      -0.0   0.123E+00     0.001     0.000     1.000     1.000     1.000
  317    316.00     0.057     0.410      -0.0   0.123E+00     0.001     0.000     1.000     1.000     1.000
  318    317.00     0.057     0.410      -0.0   0.123E+00     0.001     0.000     1.000     1.000     1.000
  319    318.00     0.057     0.410      -0.0   0.123E+00     0.001     0.000     1.000     1.000     1.000
  320    319.00     0.057     0.410      -0.0   0.123E+00     0.001     0.000     1.000     1.000     1.000
  321    320.00     0.057     0.410      -0.0   0.123E+00     0.001     0.000     1.000     1.000     1.000
  322    321.00     0.057     0.410      -0.0   0.123E+00     0.001     0.000     1.000     1.000     1.000
  323    322.00     0.057     0.410      -0.0   0.123E+00     0.001     0.000     1.000     1.000     1.000
  324    323.00     0.057     0.410      -0.0   0.123E+00     0.001     0.000     1.000     1.000     1.000
  325    324.00     0.057     0.410      -0.0   0.123E+00     0.001     0.000     1.000     1.000     1.000
  326    325.00     0.057     0.410      -0.0   0.123E+00     0.001     0.000     1.000     1.000     1.000
  327    326.00     0.057     0.410      -0.0   0.123E+00     0.001     0.000     1.000     1.000     1.000
  328    327.00     0.057     0.410      -0.0   0.123E+00     0.001     0.000     1.000     1.000     1.000
  329    328.00     0.057     0.410      -0.0   0.123E+00     0.001     0.000     1.000     1.000     1.000
  330    329.00     0.057     0.410      -0.0   0.123E+00     0.001     0.000     1.000     1.000     1.000
  331    330.00     0.057     0.410      -0.0   0.123E+00     0.001     0.000     1.000     1.000     1.000
  332    331.00     0.057     0.410      -0.0   0.123E+00     0.001     0.000     1.000     1.000     1.000
  333    332.00     0.057     0.410      -0.0   0.123E+00     0.001     0.000     1.000     1.000     1.000
  334    333.00     0.057     0.410      -0.0   0.123E+00     0.001     0.000     1.000     1.000     1.000
  335    334.00     0.057     0.410      -0.0   0.123E+00     0.001     0.000     1.000     1.000     1.000
  336    335.00     0.057     0.410      -0.0   0.123E+00     0.001     0.000     1.000     1.000     1.000
  337    336.00     0.057     0.410      -0.0   0.123E+00     0.001     0.000     1.000     1.000     1.000
  338    337.00     0.057     0.410      -0.0   0.123E+00     0.001     0.000     1.000     1.000     1.000
  339    338.00     0.057     0.410      -0.0   0.123E+00     0.001     0.000     1.000     1.000     1.000
  340    339.00     0.057     0.410      -0.0   0.123E+00     0.001     0.000     1.000     1.000     1.000
  341    340.00     0.057     0.410      -0.0   0.123E+00     0.001     0.000     1.000     1.000     1.000
  342    341.00     0.057     0.410      -0.0   0.123E+00     0.001     0.000     1.000     1.000     1.000
  343    342.00     0.057     0.410      -0.0   0.123E+00     0.001     0.000     1.000     1.000     1.000
  344    343.00     0.057     0.410      -0.0   0.123E+00     0.001     0.000     1.000     1.000     1.000
  345    344.00     0.057     0.410      -0.0   0.123E+00     0.001     0.000     1.000     1.000     1.000
  346    345.00     0.057     0.410      -0.0   0.123E+00     0.001     0.000     1.000     1.000     1.000
  347    346.00     0.057     0.410      -0.0   0.123E+00     0.001     0.000     1.000     1.000     1.000
  348    347.00     0.057     0.410      -0.0   0.123E+00     0.001     0.000     1.000     1.000     1.000
  349    348.00     0.057     0.410      -0.0   0.123E+00     0.001     0.000     1.000     1.000     1.000
  350    349.00     0.057     0.410      -0.0   0.123E+00     0.001     0.000     1.000     1.000     1.000
  351    350.00     0.057     0.410      -0.0   0.123E+00     0.001     0.000     1.000     1.000     1.000
  352    351.00     0.057     0.410      -0.0   0.123E+00     0.001     0.000     1.000     1.000     1.000
  353    352.00     0.057     0.410      -0.0   0.123E+00     0.001     0.000     1.000     1.000     1.000
  354    353.00     0.057     0.410      -0.0   0.123E+00     0.001     0.000     1.000     1.000     1.000
  355    354.00     0.057     0.410      -0.0   0.123E+00     0.001     0.000     1.000     1.000     1.000
  356    355.00     0.057     0.410      -0.0   0.123E+00     0.001     0.000     1.000     1.000     1.000
  357    356.00     0.057     0.410      -0.0   0.123E+00     0.001     0.000     1.000     1.000     1.000
  358    357.00     0.057     0.410      -0.0   0.123E+00     0.001     0.000     1.000     1.000     1.000
  359    358.00     0.057     0.410      -0.0   0.123E+00     0.001     0.000     1.000     1.000     1.000
  360    359.00     0.057     0.410      -0.0   0.123E+00     0.001     0.000     1.000     1.000     1.000
  361    360.00     0.057     0.410      -0.0   0.123E+00     0.001     0.000     1.000     1.000     1.000
  362    361.00     0.025     0.350      -2.0   0.374E+04    15.702     0.000     1.000     1.000     1.000
  363    362.00     0.025     0.350      -2.0   0.374E+04    15.702     0.000     1.000     1.000     1.000
  364    363.00     0.025     0.350      -2.0   0.374E+04    15.702     0.000     1.000     1.000     1.000
  365    364.00     0.025     0.350      -2.0   0.374E+04    15.702     0.000     1.000     1.000     1.000
  366    365.00     0.025     0.350      -2.0   0.374E+04    15.702     0.000     1.000     1.000     1.000
  367    366.00     0.025     0.350      -2.0   0.374E+04    15.702     0.000     1.000     1.000     1.000
  368    367.00     0.025     0.350      -2.0   0.374E+04    15.702     0.000     1.000     1.000     1.000
  369    368.00     0.025     0.350      -2.0   0.374E+04    15.702     0.000     1.000     1.000     1.000
  370    369.00     0.025     0.350      -2.0   0.374E+04    15.702     0.000     1.000     1.000     1.000
  371    370.00     0.025     0.350      -2.0   0.374E+04    15.702     0.000     1.000     1.000     1.000
  372    371.00     0.025     0.350      -2.0   0.374E+04    15.702     0.000     1.000     1.000     1.000
  373    372.00     0.025     0.350      -2.0   0.374E+04    15.702     0.000     1.000     1.000     1.000
  374    373.00     0.025     0.350      -2.0   0.374E+04    15.702     0.000     1.000     1.000     1.000
  375    374.00     0.025     0.350      -2.0   0.374E+04    15.702     0.000     1.000     1.000     1.000
  376    375.00     0.025     0.350      -2.0   0.374E+04    15.702     0.000     1.000     1.000     1.000
  377    376.00     0.025     0.350      -2.0   0.374E+04    15.702     0.000     1.000     1.000     1.000
  378    377.00     0.025     0.350      -2.0   0.374E+04    15.702     0.000     1.000     1.000     1.000
  379    378.00     0.025     0.350      -2.0   0.374E+04    15.702     0.000     1.000     1.000     1.000
  380    379.00     0.025     0.350      -2.0   0.374E+04    15.702     0.000     1.000     1.000     1.000
  381    380.00     0.025     0.350      -2.0   0.374E+04    15.702     0.000     1.000     1.000     1.000
  382    381.00     0.025     0.350      -2.0   0.374E+04    15.702     0.000     1.000     1.000     1.000
  383    382.00     0.025     0.350      -2.0   0.374E+04    15.702     0.000     1.000     1.000     1.000
  384    383.00     0.025     0.350      -2.0   0.374E+04    15.702     0.000     1.000     1.000     1.000
  385    384.00     0.025     0.350      -2.0   0.374E+04    15.702     0.000     1.000     1.000     1.000
  386    385.00     0.025     0.350      -2.0   0.374E+04    15.702     0.000     1.000     1.000     1.000
  387    386.00     0.025     0.350      -2.0   0.374E+04    15.702     0.000     1.000     1.000     1.000
  388    387.00     0.025     0.350      -2.0   0.374E+04    15.702     0.000     1.000     1.000     1.000
  389    388.00     0.025     0.350      -2.0   0.374E+04    15.702     0.000     1.000     1.000     1.000
  390    389.00     0.025     0.350      -2.0   0.374E+04    15.702     0.000     1.000     1.000     1.000
  391    390.00     0.025     0.350      -2.0   0.374E+04    15.702     0.000     1.000     1.000     1.000
  392    391.00     0.025     0.350      -2.0   0.374E+04    15.702     0.000     1.000     1.000     1.000
  393    392.00     0.025     0.350      -2.0   0.374E+04    15.702     0.000     1.000     1.000     1.000
  394    393.00     0.025     0.350      -2.0   0.374E+04    15.702     0.000     1.000     1.000     1.000
  395    394.00     0.025     0.350      -2.0   0.374E+04    15.702     0.000     1.000     1.000     1.000
  396    395.00     0.025     0.350      -2.0   0.374E+04    15.702     0.000     1.000     1.000     1.000
  397    396.00     0.025     0.350      -2.0   0.374E+04    15.702     0.000     1.000     1.000     1.000
  398    397.00     0.025     0.350      -2.0   0.374E+04    15.702     0.000     1.000     1.000     1.000
  399    398.00     0.025     0.350      -2.0   0.374E+04    15.702     0.000     1.000     1.000     1.000
  400    399.00     0.025     0.350      -2.0   0.374E+04    15.702     0.000     1.000     1.000     1.000
  401    400.00     0.025     0.350      -2.0   0.374E+04    15.702     0.000     1.000     1.000     1.000
  402    401.00     0.025     0.350      -2.0   0.374E+04    15.702     0.000     1.000     1.000     1.000
  403    402.00     0.025     0.350      -2.0   0.374E+04    15.702     0.000     1.000     1.000     1.000
  404    403.00     0.025     0.350      -2.0   0.374E+04    15.702     0.000     1.000     1.000     1.000
  405    404.00     0.025     0.350      -2.0   0.374E+04    15.702     0.000     1.000     1.000     1.000
  406    405.00     0.025     0.350      -2.0   0.374E+04    15.702     0.000     1.000     1.000     1.000
  407    406.00     0.025     0.350      -2.0   0.374E+04    15.702     0.000     1.000     1.000     1.000
  408    407.00     0.025     0.350      -2.0   0.374E+04    15.702     0.000     1.000     1.000     1.000
  409    408.00     0.025     0.350      -2.0   0.374E+04    15.702     0.000     1.000     1.000     1.000
  410    409.00     0.025     0.350      -2.0   0.374E+04    15.702     0.000     1.000     1.000     1.000
  411    410.00     0.025     0.350      -2.0   0.374E+04    15.702     0.000     1.000     1.000     1.000
  412    411.00     0.025     0.350      -2.0   0.374E+04    15.702     0.000     1.000     1.000     1.000
  413    412.00     0.025     0.350      -2.0   0.374E+04    15.702     0.000     1.000     1.000     1.000
  414    413.00     0.025     0.350      -2.0   0.374E+04    15.702     0.000     1.000     1.000     1.000
  415    414.00     0.025     0.350      -2.0   0.374E+04    15.702     0.000     1.000     1.000     1.000
  416    415.00     0.025     0.350      -2.0   0.374E+04    15.702     0.000     1.000     1.000     1.000
  417    416.00     0.025     0.350      -2.0   0.374E+04    15.702     0.000     1.000     1.000     1.000
  418    417.00     0.025     0.350      -2.0   0.374E+04    15.702     0.000     1.000     1.000     1.000
  419    418.00     0.025     0.350      -2.0   0.374E+04    15.702     0.000     1.000     1.000     1.000
  420    419.00     0.025     0.350      -2.0   0.374E+04    15.702     0.000     1.000     1.000     1.000
  421    420.00     0.025     0.350      -2.0   0.374E+04    15.702     0.000     1.000     1.000     1.000
  422    421.00     0.025     0.350      -2.0   0.374E+04    15.702     0.000     1.000     1.000     1.000
  423    422.00     0.025     0.350      -2.0   0.374E+04    15.702     0.000     1.000     1.000     1.000
  424    423.00     0.025     0.350      -2.0   0.374E+04    15.702     0.000     1.000     1.000     1.000
  425    424.00     0.025     0.350      -2.0   0.374E+04    15.702     0.000     1.000     1.000     1.000
  426    425.00     0.025     0.350      -2.0   0.374E+04    15.702     0.000     1.000     1.000     1.000
  427    426.00     0.025     0.350      -2.0   0.374E+04    15.702     0.000     1.000     1.000     1.000
  428    427.00     0.025     0.350      -2.0   0.374E+04    15.702     0.000     1.000     1.000     1.000
  429    428.00     0.025     0.350      -2.0   0.374E+04    15.702     0.000     1.000     1.000     1.000
  430    429.00     0.025     0.350      -2.0   0.374E+04    15.702     0.000     1.000     1.000     1.000
  431    430.00     0.025     0.350      -2.0   0.374E+04    15.702     0.000     1.000     1.000     1.000
  432    431.00     0.025     0.350      -2.0   0.374E+04    15.702     0.000     1.000     1.000     1.000
  433    432.00     0.025     0.350      -2.0   0.374E+04    15.702     0.000     1.000     1.000     1.000
  434    433.00     0.025     0.350      -2.0   0.374E+04    15.702     0.000     1.000     1.000     1.000
  435    434.00     0.025     0.350      -2.0   0.374E+04    15.702     0.000     1.000     1.000     1.000
  436    435.00     0.025     0.350      -2.0   0.374E+04    15.702     0.000     1.000     1.000     1.000
  437    436.00     0.025     0.350      -2.0   0.374E+04    15.702     0.000     1.000     1.000     1.000
  438    437.00     0.025     0.350      -2.0   0.374E+04    15.702     0.000     1.000     1.000     1.000
  439    438.00     0.025     0.350      -2.0   0.374E+04    15.702     0.000     1.000     1.000     1.000
  440    439.00     0.025     0.350      -2.0   0.374E+04    15.702     0.000     1.000     1.000     1.000
  441    440.00     0.025     0.350      -2.0   0.374E+04    15.702     0.000     1.000     1.000     1.000
  442    441.00     0.025     0.350      -2.0   0.374E+04    15.702     0.000     1.000     1.000     1.000
  443    442.00     0.025     0.350      -2.0   0.374E+04    15.702     0.000     1.000     1.000     1.000
  444    443.00     0.025     0.350      -2.0   0.374E+04    15.702     0.000     1.000     1.000     1.000
  445    444.00     0.025     0.350      -2.0   0.374E+04    15.702     0.000     1.000     1.000     1.000
  446    445.00     0.025     0.350      -2.0   0.374E+04    15.702     0.000     1.000     1.000     1.000
  447    446.00     0.025     0.350      -2.0   0.374E+04    15.702     0.000     1.000     1.000     1.000
  448    447.00     0.025     0.350      -2.0   0.374E+04    15.702     0.000     1.000     1.000     1.000
  449    448.00     0.025     0.350      -2.0   0.374E+04    15.702     0.000     1.000     1.000     1.000
  450    449.00     0.025     0.350      -2.0   0.374E+04    15.702     0.000     1.000     1.000     1.000
  451    450.00     0.025     0.350      -2.0   0.374E+04    15.702     0.000     1.000     1.000     1.000
  452    451.00     0.025     0.350      -2.0   0.374E+04    15.702     0.000     1.000     1.000     1.000
  453    452.00     0.025     0.350      -2.0   0.374E+04    15.702     0.000     1.000     1.000     1.000
  454    453.00     0.025     0.350      -2.0   0.374E+04    15.702     0.000     1.000     1.000     1.000
  455    454.00     0.025     0.350      -2.0   0.374E+04    15.702     0.000     1.000     1.000     1.000
  456    455.00     0.025     0.350      -2.0   0.374E+04    15.702     0.000     1.000     1.000     1.000
  457    456.00     0.025     0.350      -2.0   0.374E+04    15.702     0.000     1.000     1.000     1.000
  458    457.00     0.025     0.350      -2.0   0.374E+04    15.702     0.000     1.000     1.000     1.000
  459    458.00     0.025     0.350      -2.0   0.374E+04    15.702     0.000     1.000     1.000     1.000
  460    459.00     0.025     0.350      -2.0   0.374E+04    15.702     0.000     1.000     1.000     1.000
  461    460.00     0.025     0.350      -2.0   0.374E+04    15.702     0.000     1.000     1.000     1.000
  462    461.00     0.025     0.350      -2.0   0.374E+04    15.702     0.000     1.000     1.000     1.000
  463    462.00     0.025     0.350      -2.0   0.374E+04    15.702     0.000     1.000     1.000     1.000
  464    463.00     0.025     0.350      -2.0   0.374E+04    15.702     0.000     1.000     1.000     1.000
  465    464.00     0.025     0.350      -2.0   0.374E+04    15.702     0.000     1.000     1.000     1.000
  466    465.00     0.025     0.350      -2.0   0.374E+04    15.702     0.000     1.000     1.000     1.000
  467    466.00     0.025     0.350      -2.0   0.374E+04    15.702     0.000     1.000     1.000     1.000
  468    467.00     0.025     0.350      -2.0   0.374E+04    15.702     0.000     1.000     1.000     1.000
  469    468.00     0.025     0.350      -2.0   0.374E+04    15.702     0.000     1.000     1.000     1.000
  470    469.00     0.025     0.350      -2.0   0.374E+04    15.702     0.000     1.000     1.000     1.000
  471    470.00     0.025     0.350      -2.0   0.374E+04    15.702     0.000     1.000     1.000     1.000
  472    471.00     0.025     0.350      -2.0   0.374E+04    15.702     0.000     1.000     1.000     1.000
  473    472.00     0.025     0.350      -2.0   0.374E+04    15.702     0.000     1.000     1.000     1.000
  474    473.00     0.025     0.350      -2.0   0.374E+04    15.702     0.000     1.000     1.000     1.000
  475    474.00     0.025     0.350      -2.0   0.374E+04    15.702     0.000     1.000     1.000     1.000
  476    475.00     0.025     0.350      -2.0   0.374E+04    15.702     0.000     1.000     1.000     1.000
  477    476.00     0.025     0.350      -2.0   0.374E+04    15.702     0.000     1.000     1.000     1.000
  478    477.00     0.025     0.350      -2.0   0.374E+04    15.702     0.000     1.000     1.000     1.000
  479    478.00     0.025     0.350      -2.0   0.374E+04    15.702     0.000     1.000     1.000     1.000
  480    479.00     0.025     0.350      -2.0   0.374E+04    15.702     0.000     1.000     1.000     1.000
  481    480.00     0.025     0.350      -2.0   0.374E+04    15.702     0.000     1.000     1.000     1.000
  482    481.00     0.025     0.350      -2.0   0.374E+04    15.702     0.000     1.000     1.000     1.000
  483    482.00     0.025     0.350      -2.0   0.374E+04    15.702     0.000     1.000     1.000     1.000
  484    483.00     0.025     0.350      -2.0   0.374E+04    15.702     0.000     1.000     1.000     1.000
  485    484.00     0.025     0.350      -2.0   0.374E+04    15.702     0.000     1.000     1.000     1.000
  486    485.00     0.025     0.350      -2.0   0.374E+04    15.702     0.000     1.000     1.000     1.000
  487    486.00     0.025     0.350      -2.0   0.374E+04    15.702     0.000     1.000     1.000     1.000
  488    487.00     0.025     0.350      -2.0   0.374E+04    15.702     0.000     1.000     1.000     1.000
  489    488.00     0.025     0.350      -2.0   0.374E+04    15.702     0.000     1.000     1.000     1.000
  490    489.00     0.025     0.350      -2.0   0.374E+04    15.702     0.000     1.000     1.000     1.000
  491    490.00     0.025     0.350      -2.0   0.374E+04    15.702     0.000     1.000     1.000     1.000
  492    491.00     0.025     0.350      -2.0   0.374E+04    15.702     0.000     1.000     1.000     1.000
  493    492.00     0.025     0.350      -2.0   0.374E+04    15.702     0.000     1.000     1.000     1.000
  494    493.00     0.025     0.350      -2.0   0.374E+04    15.702     0.000     1.000     1.000     1.000
  495    494.00     0.025     0.350      -2.0   0.374E+04    15.702     0.000     1.000     1.000     1.000
  496    495.00     0.025     0.350      -2.0   0.374E+04    15.702     0.000     1.000     1.000     1.000
  497    496.00     0.025     0.350      -2.0   0.374E+04    15.702     0.000     1.000     1.000     1.000
  498    497.00     0.025     0.350      -2.0   0.374E+04    15.702     0.000     1.000     1.000     1.000
  499    498.00     0.025     0.350      -2.0   0.374E+04    15.702     0.000     1.000     1.000     1.000
  500    499.00     0.025     0.350      -2.0   0.374E+04    15.702     0.000     1.000     1.000     1.000
  501    500.00     0.025     0.350      -2.0   0.374E+04    15.702     0.000     1.000     1.000     1.000
  502    501.00     0.025     0.350      -2.0   0.374E+04    15.702     0.000     1.000     1.000     1.000
  503    502.00     0.025     0.350      -2.0   0.374E+04    15.702     0.000     1.000     1.000     1.000
  504    503.00     0.025     0.350      -2.0   0.374E+04    15.702     0.000     1.000     1.000     1.000
  505    504.00     0.025     0.350      -2.0   0.374E+04    15.702     0.000     1.000     1.000     1.000
  506    505.00     0.025     0.350      -2.0   0.374E+04    15.702     0.000     1.000     1.000     1.000
  507    506.00     0.025     0.350      -2.0   0.374E+04    15.702     0.000     1.000     1.000     1.000
  508    507.00     0.025     0.350      -2.0   0.374E+04    15.702     0.000     1.000     1.000     1.000
  509    508.00     0.025     0.350      -2.0   0.374E+04    15.702     0.000     1.000     1.000     1.000
  510    509.00     0.025     0.350      -2.0   0.374E+04    15.702     0.000     1.000     1.000     1.000
  511    510.00     0.025     0.350      -2.0   0.374E+04    15.702     0.000     1.000     1.000     1.000
  512    511.00     0.025     0.350      -2.0   0.374E+04    15.702     0.000     1.000     1.000     1.000
  513    512.00     0.025     0.350      -2.0   0.374E+04    15.702     0.000     1.000     1.000     1.000
  514    513.00     0.025     0.350      -2.0   0.374E+04    15.702     0.000     1.000     1.000     1.000
  515    514.00     0.025     0.350      -2.0   0.374E+04    15.702     0.000     1.000     1.000     1.000
  516    515.00     0.025     0.350      -2.0   0.374E+04    15.702     0.000     1.000     1.000     1.000
  517    516.00     0.025     0.350      -2.0   0.374E+04    15.702     0.000     1.000     1.000     1.000
  518    517.00     0.025     0.350      -2.0   0.374E+04    15.702     0.000     1.000     1.000     1.000
  519    518.00     0.025     0.350      -2.0   0.374E+04    15.702     0.000     1.000     1.000     1.000
  520    519.00     0.025     0.350      -2.0   0.374E+04    15.702     0.000     1.000     1.000     1.000
  521    520.00     0.025     0.350      -2.0   0.374E+04    15.702     0.000     1.000     1.000     1.000
  522    521.00     0.025     0.350      -2.0   0.374E+04    15.702     0.000     1.000     1.000     1.000
  523    522.00     0.025     0.350      -2.0   0.374E+04    15.702     0.000     1.000     1.000     1.000
  524    523.00     0.025     0.350      -2.0   0.374E+04    15.702     0.000     1.000     1.000     1.000
  525    524.00     0.025     0.350      -2.0   0.374E+04    15.702     0.000     1.000     1.000     1.000
  526    525.00     0.025     0.350      -2.0   0.374E+04    15.702     0.000     1.000     1.000     1.000
  527    526.00     0.025     0.350      -2.0   0.374E+04    15.702     0.000     1.000     1.000     1.000
  528    527.00     0.025     0.350      -2.0   0.374E+04    15.702     0.000     1.000     1.000     1.000
  529    528.00     0.025     0.350      -2.0   0.374E+04    15.702     0.000     1.000     1.000     1.000
  530    529.00     0.025     0.350      -2.0   0.374E+04    15.702     0.000     1.000     1.000     1.000
  531    530.00     0.025     0.350      -2.0   0.374E+04    15.702     0.000     1.000     1.000     1.000
  532    531.00     0.025     0.350      -2.0   0.374E+04    15.702     0.000     1.000     1.000     1.000
  533    532.00     0.025     0.350      -2.0   0.374E+04    15.702     0.000     1.000     1.000     1.000
  534    533.00     0.025     0.350      -2.0   0.374E+04    15.702     0.000     1.000     1.000     1.000
  535    534.00     0.025     0.350      -2.0   0.374E+04    15.702     0.000     1.000     1.000     1.000
  536    535.00     0.025     0.350      -2.0   0.374E+04    15.702     0.000     1.000     1.000     1.000
  537    536.00     0.025     0.350      -2.0   0.374E+04    15.702     0.000     1.000     1.000     1.000
  538    537.00     0.025     0.350      -2.0   0.374E+04    15.702     0.000     1.000     1.000     1.000
  539    538.00     0.025     0.350      -2.0   0.374E+04    15.702     0.000     1.000     1.000     1.000
  540    539.00     0.025     0.350      -2.0   0.374E+04    15.702     0.000     1.000     1.000     1.000
  541    540.00     0.025     0.350      -2.0   0.374E+04    15.702     0.000     1.000     1.000     1.000
  542    541.00     0.025     0.350      -2.0   0.374E+04    15.702     0.000     1.000     1.000     1.000
  543    542.00     0.025     0.350      -2.0   0.374E+04    15.702     0.000     1.000     1.000     1.000
  544    543.00     0.025     0.350      -2.0   0.374E+04    15.702     0.000     1.000     1.000     1.000
  545    544.00     0.025     0.350      -2.0   0.374E+04    15.702     0.000     1.000     1.000     1.000
  546    545.00     0.025     0.350      -2.0   0.374E+04    15.702     0.000     1.000     1.000     1.000
  547    546.00     0.025     0.350      -2.0   0.374E+04    15.702     0.000     1.000     1.000     1.000
  548    547.00     0.025     0.350      -2.0   0.374E+04    15.702     0.000     1.000     1.000     1.000
  549    548.00     0.025     0.350      -2.0   0.374E+04    15.702     0.000     1.000     1.000     1.000
  550    549.00     0.025     0.350      -2.0   0.374E+04    15.702     0.000     1.000     1.000     1.000
  551    550.00     0.025     0.350      -2.0   0.374E+04    15.702     0.000     1.000     1.000     1.000
  552    551.00     0.025     0.350      -2.0   0.374E+04    15.702     0.000     1.000     1.000     1.000
  553    552.00     0.025     0.350      -2.0   0.374E+04    15.702     0.000     1.000     1.000     1.000
  554    553.00     0.025     0.350      -2.0   0.374E+04    15.702     0.000     1.000     1.000     1.000
  555    554.00     0.025     0.350      -2.0   0.374E+04    15.702     0.000     1.000     1.000     1.000
  556    555.00     0.025     0.350      -2.0   0.374E+04    15.702     0.000     1.000     1.000     1.000
  557    556.00     0.025     0.350      -2.0   0.374E+04    15.702     0.000     1.000     1.000     1.000
  558    557.00     0.025     0.350      -2.0   0.374E+04    15.702     0.000     1.000     1.000     1.000
  559    558.00     0.025     0.350      -2.0   0.374E+04    15.702     0.000     1.000     1.000     1.000
  560    559.00     0.025     0.350      -2.0   0.374E+04    15.702     0.000     1.000     1.000     1.000
  561    560.00     0.025     0.350      -2.0   0.374E+04    15.702     0.000     1.000     1.000     1.000
  562    561.00     0.025     0.350      -2.0   0.374E+04    15.702     0.000     1.000     1.000     1.000
  563    562.00     0.025     0.350      -2.0   0.374E+04    15.702     0.000     1.000     1.000     1.000
  564    563.00     0.025     0.350      -2.0   0.374E+04    15.702     0.000     1.000     1.000     1.000
  565    564.00     0.025     0.350      -2.0   0.374E+04    15.702     0.000     1.000     1.000     1.000
  566    565.00     0.025     0.350      -2.0   0.374E+04    15.702     0.000     1.000     1.000     1.000
  567    566.00     0.025     0.350      -2.0   0.374E+04    15.702     0.000     1.000     1.000     1.000
  568    567.00     0.025     0.350      -2.0   0.374E+04    15.702     0.000     1.000     1.000     1.000
  569    568.00     0.025     0.350      -2.0   0.374E+04    15.702     0.000     1.000     1.000     1.000
  570    569.00     0.025     0.350      -2.0   0.374E+04    15.702     0.000     1.000     1.000     1.000
  571    570.00     0.025     0.350      -2.0   0.374E+04    15.702     0.000     1.000     1.000     1.000
  572    571.00     0.025     0.350      -2.0   0.374E+04    15.702     0.000     1.000     1.000     1.000
  573    572.00     0.025     0.350      -2.0   0.374E+04    15.702     0.000     1.000     1.000     1.000
  574    573.00     0.025     0.350      -2.0   0.374E+04    15.702     0.000     1.000     1.000     1.000
  575    574.00     0.025     0.350      -2.0   0.374E+04    15.702     0.000     1.000     1.000     1.000
  576    575.00     0.025     0.350      -2.0   0.374E+04    15.702     0.000     1.000     1.000     1.000
  577    576.00     0.025     0.350      -2.0   0.374E+04    15.702     0.000     1.000     1.000     1.000
  578    577.00     0.025     0.350      -2.0   0.374E+04    15.702     0.000     1.000     1.000     1.000
  579    578.00     0.025     0.350      -2.0   0.374E+04    15.702     0.000     1.000     1.000     1.000
  580    579.00     0.025     0.350      -2.0   0.374E+04    15.702     0.000     1.000     1.000     1.000
  581    580.00     0.025     0.350      -2.0   0.374E+04    15.702     0.000     1.000     1.000     1.000
  582    581.00     0.025     0.350      -2.0   0.374E+04    15.702     0.000     1.000     1.000     1.000
  583    582.00     0.025     0.350      -2.0   0.374E+04    15.702     0.000     1.000     1.000     1.000
  584    583.00     0.025     0.350      -2.0   0.374E+04    15.702     0.000     1.000     1.000     1.000
  585    584.00     0.025     0.350      -2.0   0.374E+04    15.702     0.000     1.000     1.000     1.000
  586    585.00     0.025     0.350      -2.0   0.374E+04    15.702     0.000     1.000     1.000     1.000
  587    586.00     0.025     0.350      -2.0   0.374E+04    15.702     0.000     1.000     1.000     1.000
  588    587.00     0.025     0.350      -2.0   0.374E+04    15.702     0.000     1.000     1.000     1.000
  589    588.00     0.025     0.350      -2.0   0.374E+04    15.702     0.000     1.000     1.000     1.000
  590    589.00     0.025     0.350      -2.0   0.374E+04    15.702     0.000     1.000     1.000     1.000
  591    590.00     0.025     0.350      -2.0   0.374E+04    15.702     0.000     1.000     1.000     1.000
  592    591.00     0.025     0.350      -2.0   0.374E+04    15.702     0.000     1.000     1.000     1.000
  593    592.00     0.025     0.350      -2.0   0.374E+04    15.702     0.000     1.000     1.000     1.000
  594    593.00     0.025     0.350      -2.0   0.374E+04    15.702     0.000     1.000     1.000     1.000
  595    594.00     0.025     0.350      -2.0   0.374E+04    15.702     0.000     1.000     1.000     1.000
  596    595.00     0.025     0.350      -2.0   0.374E+04    15.702     0.000     1.000     1.000     1.000
  597    596.00     0.025     0.350      -2.0   0.374E+04    15.702     0.000     1.000     1.000     1.000
  598    597.00     0.025     0.350      -2.0   0.374E+04    15.702     0.000     1.000     1.000     1.000
  599    598.00     0.025     0.350      -2.0   0.374E+04    15.702     0.000     1.000     1.000     1.000
  600    599.00     0.025     0.350      -2.0   0.374E+04    15.702     0.000     1.000     1.000     1.000
  601    600.00     0.025     0.350      -2.0   0.374E+04    15.702     0.000     1.000     1.000     1.000
  602    601.00     0.025     0.350      -2.0   0.374E+04    15.702     0.000     1.000     1.000     1.000
  603    602.00     0.025     0.350      -2.0   0.374E+04    15.702     0.000     1.000     1.000     1.000
  604    603.00     0.025     0.350      -2.0   0.374E+04    15.702     0.000     1.000     1.000     1.000
  605    604.00     0.025     0.350      -2.0   0.374E+04    15.702     0.000     1.000     1.000     1.000
  606    605.00     0.025     0.350      -2.0   0.374E+04    15.702     0.000     1.000     1.000     1.000
  607    606.00     0.025     0.350      -2.0   0.374E+04    15.702     0.000     1.000     1.000     1.000
  608    607.00     0.025     0.350      -2.0   0.374E+04    15.702     0.000     1.000     1.000     1.000
  609    608.00     0.025     0.350      -2.0   0.374E+04    15.702     0.000     1.000     1.000     1.000
  610    609.00     0.025     0.350      -2.0   0.374E+04    15.702     0.000     1.000     1.000     1.000
  611    610.00     0.025     0.350      -2.0   0.374E+04    15.702     0.000     1.000     1.000     1.000
  612    611.00     0.025     0.350      -2.0   0.374E+04    15.702     0.000     1.000     1.000     1.000
  613    612.00     0.025     0.350      -2.0   0.374E+04    15.702     0.000     1.000     1.000     1.000
  614    613.00     0.025     0.350      -2.0   0.374E+04    15.702     0.000     1.000     1.000     1.000
  615    614.00     0.025     0.350      -2.0   0.374E+04    15.702     0.000     1.000     1.000     1.000
  616    615.00     0.025     0.350      -2.0   0.374E+04    15.702     0.000     1.000     1.000     1.000
  617    616.00     0.025     0.350      -2.0   0.374E+04    15.702     0.000     1.000     1.000     1.000
  618    617.00     0.025     0.350      -2.0   0.374E+04    15.702     0.000     1.000     1.000     1.000
  619    618.00     0.025     0.350      -2.0   0.374E+04    15.702     0.000     1.000     1.000     1.000
  620    619.00     0.025     0.350      -2.0   0.374E+04    15.702     0.000     1.000     1.000     1.000
  621    620.00     0.025     0.350      -2.0   0.374E+04    15.702     0.000     1.000     1.000     1.000
  622    621.00     0.025     0.350      -2.0   0.374E+04    15.702     0.000     1.000     1.000     1.000
  623    622.00     0.025     0.350      -2.0   0.374E+04    15.702     0.000     1.000     1.000     1.000
  624    623.00     0.025     0.350      -2.0   0.374E+04    15.702     0.000     1.000     1.000     1.000
  625    624.00     0.025     0.350      -2.0   0.374E+04    15.702     0.000     1.000     1.000     1.000
  626    625.00     0.025     0.350      -2.0   0.374E+04    15.702     0.000     1.000     1.000     1.000
  627    626.00     0.025     0.350      -2.0   0.374E+04    15.702     0.000     1.000     1.000     1.000
  628    627.00     0.025     0.350      -2.0   0.374E+04    15.702     0.000     1.000     1.000     1.000
  629    628.00     0.025     0.350      -2.0   0.374E+04    15.702     0.000     1.000     1.000     1.000
  630    629.00     0.025     0.350      -2.0   0.374E+04    15.702     0.000     1.000     1.000     1.000
  631    630.00     0.025     0.350      -2.0   0.374E+04    15.702     0.000     1.000     1.000     1.000
  632    631.00     0.025     0.350      -2.0   0.374E+04    15.702     0.000     1.000     1.000     1.000
  633    632.00     0.025     0.350      -2.0   0.374E+04    15.702     0.000     1.000     1.000     1.000
  634    633.00     0.025     0.350      -2.0   0.374E+04    15.702     0.000     1.000     1.000     1.000
  635    634.00     0.025     0.350      -2.0   0.374E+04    15.702     0.000     1.000     1.000     1.000
  636    635.00     0.025     0.350      -2.0   0.374E+04    15.702     0.000     1.000     1.000     1.000
  637    636.00     0.025     0.350      -2.0   0.374E+04    15.702     0.000     1.000     1.000     1.000
  638    637.00     0.025     0.350      -2.0   0.374E+04    15.702     0.000     1.000     1.000     1.000
  639    638.00     0.025     0.350      -2.0   0.374E+04    15.702     0.000     1.000     1.000     1.000
  640    639.00     0.025     0.350      -2.0   0.374E+04    15.702     0.000     1.000     1.000     1.000
  641    640.00     0.025     0.350      -2.0   0.374E+04    15.702     0.000     1.000     1.000     1.000
  642    641.00     0.025     0.350      -2.0   0.374E+04    15.702     0.000     1.000     1.000     1.000
  643    642.00     0.025     0.350      -2.0   0.374E+04    15.702     0.000     1.000     1.000     1.000
  644    643.00     0.025     0.350      -2.0   0.374E+04    15.702     0.000     1.000     1.000     1.000
  645    644.00     0.025     0.350      -2.0   0.374E+04    15.702     0.000     1.000     1.000     1.000
  646    645.00     0.025     0.350      -2.0   0.374E+04    15.702     0.000     1.000     1.000     1.000
  647    646.00     0.025     0.350      -2.0   0.374E+04    15.702     0.000     1.000     1.000     1.000
  648    647.00     0.025     0.350      -2.0   0.374E+04    15.702     0.000     1.000     1.000     1.000
  649    648.00     0.025     0.350      -2.0   0.374E+04    15.702     0.000     1.000     1.000     1.000
  650    649.00     0.025     0.350      -2.0   0.374E+04    15.702     0.000     1.000     1.000     1.000
  651    650.00     0.025     0.350      -2.0   0.374E+04    15.702     0.000     1.000     1.000     1.000
  652    651.00     0.025     0.350      -2.0   0.374E+04    15.702     0.000     1.000     1.000     1.000
  653    652.00     0.025     0.350      -2.0   0.374E+04    15.702     0.000     1.000     1.000     1.000
  654    653.00     0.025     0.350      -2.0   0.374E+04    15.702     0.000     1.000     1.000     1.000
  655    654.00     0.025     0.350      -2.0   0.374E+04    15.702     0.000     1.000     1.000     1.000
  656    655.00     0.025     0.350      -2.0   0.374E+04    15.702     0.000     1.000     1.000     1.000
  657    656.00     0.025     0.350      -2.0   0.374E+04    15.702     0.000     1.000     1.000     1.000
  658    657.00     0.025     0.350      -2.0   0.374E+04    15.702     0.000     1.000     1.000     1.000
  659    658.00     0.025     0.350      -2.0   0.374E+04    15.702     0.000     1.000     1.000     1.000
  660    659.00     0.025     0.350      -2.0   0.374E+04    15.702     0.000     1.000     1.000     1.000
  661    660.00     0.025     0.350      -2.0   0.374E+04    15.702     0.000     1.000     1.000     1.000
end
