 ******* Program HYDRUS
 ******* Welcome to HYDRUS-1D                                                    
 Date:  30. 5.    Time:  12: 0:52
 Units: L = cm   , T = days , M = mmol 

----------------------------------------------------------
 Time       [T]      104.9900
----------------------------------------------------------
 Sub-region num.                     1
----------------------------------------------------------
 Area     [L]        0.66000E+03  0.66000E+03
 W-volume [L]        0.22997E+03  0.22997E+03
 In-flow  [L/T]      0.00000E+00  0.00000E+00
 h Mean   [L]       -0.48106E+02 -0.48106E+02
 Top Flux [L/T]     -0.16827E+03
 Bot Flux [L/T]     -0.00000E+00
----------------------------------------------------------

----------------------------------------------------------
 Time       [T]      365.0000
----------------------------------------------------------
 Sub-region num.                     1
----------------------------------------------------------
 Area     [L]        0.66000E+03  0.66000E+03
 W-volume [L]        0.13339E+03  0.13339E+03
 In-flow  [L/T]     -0.84538E-02 -0.84538E-02
 h Mean   [L]       -0.22941E+03 -0.22941E+03
 Top Flux [L/T]      0.34967E-02
 Bot Flux [L/T]     -0.42321E-02
 WatBalT  [L]        0.11483E+00
 WatBalR  [%]              0.076
----------------------------------------------------------

----------------------------------------------------------
 Time       [T]      730.0000
----------------------------------------------------------
 Sub-region num.                     1
----------------------------------------------------------
 Area     [L]        0.66000E+03  0.66000E+03
 W-volume [L]        0.12610E+03  0.12610E+03
 In-flow  [L/T]     -0.63332E-01 -0.63332E-01
 h Mean   [L]       -0.26257E+03 -0.26257E+03
 Top Flux [L/T]      0.13585E-01
 Bot Flux [L/T]      0.11583E-01
 WatBalT  [L]        0.55627E+00
 WatBalR  [%]              0.250
----------------------------------------------------------

----------------------------------------------------------
 Time       [T]     1096.0000
----------------------------------------------------------
 Sub-region num.                     1
----------------------------------------------------------
 Area     [L]        0.66000E+03  0.66000E+03
 W-volume [L]        0.13793E+03  0.13793E+03
 In-flow  [L/T]     -0.17429E-01 -0.17429E-01
 h Mean   [L]       -0.20822E+03 -0.20822E+03
 Top Flux [L/T]      0.12671E-02
 Bot Flux [L/T]     -0.53458E-02
 WatBalT  [L]        0.44916E+00
 WatBalR  [%]              0.138
----------------------------------------------------------

----------------------------------------------------------
 Time       [T]     2296.0000
----------------------------------------------------------
 Sub-region num.                     1
----------------------------------------------------------
 Area     [L]        0.66000E+03  0.66000E+03
 W-volume [L]        0.14060E+03  0.14060E+03
 In-flow  [L/T]     -0.30152E+00 -0.30152E+00
 h Mean   [L]       -0.19522E+03 -0.19522E+03
 Top Flux [L/T]      0.56641E-01
 Bot Flux [L/T]     -0.10224E+00
 WatBalT  [L]        0.29377E+01
 WatBalR  [%]              0.427
----------------------------------------------------------

 Calculation time [sec]   44.000000000000000     
