 ******* Program HYDRUS
 ******* Welcome to HYDRUS-1D                                                    
 Date:  30. 5.    Time:  12: 0:52
 Units: L = cm   , T = days , M = mmol 

 CosAlf,MaxIt,TolTh,  TolH
 1.000  100   0.000 0.10000

 TopInF,BotInF,AtmBC,SinkF,WLayer,qGWLF,FreeD,SeepF,lWat,lChem,lTemp,lRoot,lWDep
     T     F     T     T     F     F     F     F     T     F     F     F     F

Nodal point information

node      x         hOld    MatN LayN  Beta      Ah       AK      ATh     Temp    Conc(1...NS)         Sorb(1...NS)

   1     -0.000    -50.000    4    1   0.024    1.000    1.000    1.000
   2     -1.000    -50.000    4    1   0.024    1.000    1.000    1.000
   3     -2.000    -50.000    4    1   0.023    1.000    1.000    1.000
   4     -3.000    -50.000    4    1   0.023    1.000    1.000    1.000
   5     -4.000    -50.000    4    1   0.022    1.000    1.000    1.000
   6     -5.000    -50.000    4    1   0.022    1.000    1.000    1.000
   7     -6.000    -50.000    4    1   0.021    1.000    1.000    1.000
   8     -7.000    -50.000    4    1   0.021    1.000    1.000    1.000
   9     -8.000    -50.000    4    1   0.020    1.000    1.000    1.000
  10     -9.000    -50.000    4    1   0.020    1.000    1.000    1.000
  11    -10.000    -50.000    4    1   0.019    1.000    1.000    1.000
  12    -11.000    -50.000    4    1   0.019    1.000    1.000    1.000
  13    -12.000    -50.000    4    1   0.018    1.000    1.000    1.000
  14    -13.000    -50.000    4    1   0.018    1.000    1.000    1.000
  15    -14.000    -50.000    4    1   0.017    1.000    1.000    1.000
  16    -15.000    -50.000    4    1   0.017    1.000    1.000    1.000
  17    -16.000    -50.000    4    1   0.016    1.000    1.000    1.000
  18    -17.000    -50.000    4    1   0.016    1.000    1.000    1.000
  19    -18.000    -50.000    4    1   0.016    1.000    1.000    1.000
  20    -19.000    -50.000    4    1   0.015    1.000    1.000    1.000
  21    -20.000    -50.000    4    1   0.015    1.000    1.000    1.000
  22    -21.000    -50.000    4    1   0.015    1.000    1.000    1.000
  23    -22.000    -50.000    4    1   0.014    1.000    1.000    1.000
  24    -23.000    -50.000    4    1   0.014    1.000    1.000    1.000
  25    -24.000    -50.000    4    1   0.014    1.000    1.000    1.000
  26    -25.000    -50.000    4    1   0.013    1.000    1.000    1.000
  27    -26.000    -50.000    4    1   0.013    1.000    1.000    1.000
  28    -27.000    -50.000    4    1   0.013    1.000    1.000    1.000
  29    -28.000    -50.000    4    1   0.012    1.000    1.000    1.000
  30    -29.000    -50.000    4    1   0.012    1.000    1.000    1.000
  31    -30.000    -50.000    4    1   0.012    1.000    1.000    1.000
  32    -31.000    -50.000    1    1   0.011    1.000    1.000    1.000
  33    -32.000    -50.000    1    1   0.011    1.000    1.000    1.000
  34    -33.000    -50.000    1    1   0.011    1.000    1.000    1.000
  35    -34.000    -50.000    1    1   0.011    1.000    1.000    1.000
  36    -35.000    -50.000    1    1   0.010    1.000    1.000    1.000
  37    -36.000    -50.000    1    1   0.010    1.000    1.000    1.000
  38    -37.000    -50.000    1    1   0.010    1.000    1.000    1.000
  39    -38.000    -50.000    1    1   0.010    1.000    1.000    1.000
  40    -39.000    -50.000    1    1   0.009    1.000    1.000    1.000
  41    -40.000    -50.000    1    1   0.009    1.000    1.000    1.000
  42    -41.000    -50.000    1    1   0.009    1.000    1.000    1.000
  43    -42.000    -50.000    1    1   0.009    1.000    1.000    1.000
  44    -43.000    -50.000    1    1   0.009    1.000    1.000    1.000
  45    -44.000    -50.000    1    1   0.008    1.000    1.000    1.000
  46    -45.000    -50.000    1    1   0.008    1.000    1.000    1.000
  47    -46.000    -50.000    1    1   0.008    1.000    1.000    1.000
  48    -47.000    -50.000    1    1   0.008    1.000    1.000    1.000
  49    -48.000    -50.000    1    1   0.008    1.000    1.000    1.000
  50    -49.000    -50.000    1    1   0.007    1.000    1.000    1.000
  51    -50.000    -50.000    1    1   0.007    1.000    1.000    1.000
  52    -51.000    -50.000    1    1   0.007    1.000    1.000    1.000
  53    -52.000    -50.000    1    1   0.007    1.000    1.000    1.000
  54    -53.000    -50.000    1    1   0.007    1.000    1.000    1.000
  55    -54.000    -50.000    1    1   0.007    1.000    1.000    1.000
  56    -55.000    -50.000    1    1   0.006    1.000    1.000    1.000
  57    -56.000    -50.000    1    1   0.006    1.000    1.000    1.000
  58    -57.000    -50.000    1    1   0.006    1.000    1.000    1.000
  59    -58.000    -50.000    1    1   0.006    1.000    1.000    1.000
  60    -59.000    -50.000    1    1   0.006    1.000    1.000    1.000
  61    -60.000    -50.000    1    1   0.006    1.000    1.000    1.000
  62    -61.000    -50.000    1    1   0.006    1.000    1.000    1.000
  63    -62.000    -50.000    1    1   0.005    1.000    1.000    1.000
  64    -63.000    -50.000    1    1   0.005    1.000    1.000    1.000
  65    -64.000    -50.000    1    1   0.005    1.000    1.000    1.000
  66    -65.000    -50.000    1    1   0.005    1.000    1.000    1.000
  67    -66.000    -50.000    1    1   0.005    1.000    1.000    1.000
  68    -67.000    -50.000    1    1   0.005    1.000    1.000    1.000
  69    -68.000    -50.000    1    1   0.005    1.000    1.000    1.000
  70    -69.000    -50.000    1    1   0.005    1.000    1.000    1.000
  71    -70.000    -50.000    1    1   0.004    1.000    1.000    1.000
  72    -71.000    -50.000    1    1   0.004    1.000    1.000    1.000
  73    -72.000    -50.000    1    1   0.004    1.000    1.000    1.000
  74    -73.000    -50.000    1    1   0.004    1.000    1.000    1.000
  75    -74.000    -50.000    1    1   0.004    1.000    1.000    1.000
  76    -75.000    -50.000    1    1   0.004    1.000    1.000    1.000
  77    -76.000    -50.000    1    1   0.004    1.000    1.000    1.000
  78    -77.000    -50.000    1    1   0.004    1.000    1.000    1.000
  79    -78.000    -50.000    1    1   0.004    1.000    1.000    1.000
  80    -79.000    -50.000    1    1   0.004    1.000    1.000    1.000
  81    -80.000    -50.000    1    1   0.003    1.000    1.000    1.000
  82    -81.000    -50.000    1    1   0.003    1.000    1.000    1.000
  83    -82.000    -50.000    1    1   0.003    1.000    1.000    1.000
  84    -83.000    -50.000    1    1   0.003    1.000    1.000    1.000
  85    -84.000    -50.000    1    1   0.003    1.000    1.000    1.000
  86    -85.000    -50.000    1    1   0.003    1.000    1.000    1.000
  87    -86.000    -50.000    1    1   0.003    1.000    1.000    1.000
  88    -87.000    -50.000    1    1   0.003    1.000    1.000    1.000
  89    -88.000    -50.000    1    1   0.003    1.000    1.000    1.000
  90    -89.000    -50.000    1    1   0.003    1.000    1.000    1.000
  91    -90.000    -50.000    1    1   0.003    1.000    1.000    1.000
  92    -91.000    -50.000    1    1   0.003    1.000    1.000    1.000
  93    -92.000    -50.000    1    1   0.003    1.000    1.000    1.000
  94    -93.000    -50.000    1    1   0.003    1.000    1.000    1.000
  95    -94.000    -50.000    1    1   0.002    1.000    1.000    1.000
  96    -95.000    -50.000    1    1   0.002    1.000    1.000    1.000
  97    -96.000    -50.000    1    1   0.002    1.000    1.000    1.000
  98    -97.000    -50.000    1    1   0.002    1.000    1.000    1.000
  99    -98.000    -50.000    1    1   0.002    1.000    1.000    1.000
 100    -99.000    -50.000    1    1   0.002    1.000    1.000    1.000
 101   -100.000    -50.000    1    1   0.002    1.000    1.000    1.000
 102   -101.000    -50.000    1    1   0.002    1.000    1.000    1.000
 103   -102.000    -50.000    1    1   0.002    1.000    1.000    1.000
 104   -103.000    -50.000    1    1   0.002    1.000    1.000    1.000
 105   -104.000    -50.000    1    1   0.002    1.000    1.000    1.000
 106   -105.000    -50.000    1    1   0.002    1.000    1.000    1.000
 107   -106.000    -50.000    1    1   0.002    1.000    1.000    1.000
 108   -107.000    -50.000    1    1   0.002    1.000    1.000    1.000
 109   -108.000    -50.000    1    1   0.002    1.000    1.000    1.000
 110   -109.000    -50.000    1    1   0.002    1.000    1.000    1.000
 111   -110.000    -50.000    1    1   0.002    1.000    1.000    1.000
 112   -111.000    -50.000    1    1   0.002    1.000    1.000    1.000
 113   -112.000    -50.000    1    1   0.002    1.000    1.000    1.000
 114   -113.000    -50.000    1    1   0.002    1.000    1.000    1.000
 115   -114.000    -50.000    1    1   0.002    1.000    1.000    1.000
 116   -115.000    -50.000    1    1   0.001    1.000    1.000    1.000
 117   -116.000    -50.000    1    1   0.001    1.000    1.000    1.000
 118   -117.000    -50.000    1    1   0.001    1.000    1.000    1.000
 119   -118.000    -50.000    1    1   0.001    1.000    1.000    1.000
 120   -119.000    -50.000    1    1   0.001    1.000    1.000    1.000
 121   -120.000    -50.000    1    1   0.001    1.000    1.000    1.000
 122   -121.000    -50.000    1    1   0.001    1.000    1.000    1.000
 123   -122.000    -50.000    1    1   0.001    1.000    1.000    1.000
 124   -123.000    -50.000    1    1   0.001    1.000    1.000    1.000
 125   -124.000    -50.000    1    1   0.001    1.000    1.000    1.000
 126   -125.000    -50.000    1    1   0.001    1.000    1.000    1.000
 127   -126.000    -50.000    1    1   0.001    1.000    1.000    1.000
 128   -127.000    -50.000    1    1   0.001    1.000    1.000    1.000
 129   -128.000    -50.000    1    1   0.001    1.000    1.000    1.000
 130   -129.000    -50.000    1    1   0.001    1.000    1.000    1.000
 131   -130.000    -50.000    1    1   0.001    1.000    1.000    1.000
 132   -131.000    -50.000    1    1   0.001    1.000    1.000    1.000
 133   -132.000    -50.000    1    1   0.001    1.000    1.000    1.000
 134   -133.000    -50.000    1    1   0.001    1.000    1.000    1.000
 135   -134.000    -50.000    1    1   0.001    1.000    1.000    1.000
 136   -135.000    -50.000    1    1   0.001    1.000    1.000    1.000
 137   -136.000    -50.000    1    1   0.001    1.000    1.000    1.000
 138   -137.000    -50.000    1    1   0.001    1.000    1.000    1.000
 139   -138.000    -50.000    1    1   0.001    1.000    1.000    1.000
 140   -139.000    -50.000    1    1   0.001    1.000    1.000    1.000
 141   -140.000    -50.000    1    1   0.001    1.000    1.000    1.000
 142   -141.000    -50.000    2    1   0.001    1.000    1.000    1.000
 143   -142.000    -50.000    2    1   0.001    1.000    1.000    1.000
 144   -143.000    -50.000    2    1   0.001    1.000    1.000    1.000
 145   -144.000    -50.000    2    1   0.001    1.000    1.000    1.000
 146   -145.000    -50.000    2    1   0.001    1.000    1.000    1.000
 147   -146.000    -50.000    2    1   0.001    1.000    1.000    1.000
 148   -147.000    -50.000    2    1   0.001    1.000    1.000    1.000
 149   -148.000    -50.000    2    1   0.001    1.000    1.000    1.000
 150   -149.000    -50.000    2    1   0.001    1.000    1.000    1.000
 151   -150.000    -50.000    2    1   0.001    1.000    1.000    1.000
 152   -151.000    -50.000    2    1   0.001    1.000    1.000    1.000
 153   -152.000    -50.000    2    1   0.001    1.000    1.000    1.000
 154   -153.000    -50.000    2    1   0.001    1.000    1.000    1.000
 155   -154.000    -50.000    2    1   0.001    1.000    1.000    1.000
 156   -155.000    -50.000    2    1   0.001    1.000    1.000    1.000
 157   -156.000    -50.000    2    1   0.001    1.000    1.000    1.000
 158   -157.000    -50.000    2    1   0.001    1.000    1.000    1.000
 159   -158.000    -50.000    2    1   0.001    1.000    1.000    1.000
 160   -159.000    -50.000    2    1   0.001    1.000    1.000    1.000
 161   -160.000    -50.000    2    1   0.000    1.000    1.000    1.000
 162   -161.000    -50.000    2    1   0.000    1.000    1.000    1.000
 163   -162.000    -50.000    2    1   0.000    1.000    1.000    1.000
 164   -163.000    -50.000    2    1   0.000    1.000    1.000    1.000
 165   -164.000    -50.000    2    1   0.000    1.000    1.000    1.000
 166   -165.000    -50.000    2    1   0.000    1.000    1.000    1.000
 167   -166.000    -50.000    2    1   0.000    1.000    1.000    1.000
 168   -167.000    -50.000    2    1   0.000    1.000    1.000    1.000
 169   -168.000    -50.000    2    1   0.000    1.000    1.000    1.000
 170   -169.000    -50.000    2    1   0.000    1.000    1.000    1.000
 171   -170.000    -50.000    2    1   0.000    1.000    1.000    1.000
 172   -171.000    -50.000    2    1   0.000    1.000    1.000    1.000
 173   -172.000    -50.000    2    1   0.000    1.000    1.000    1.000
 174   -173.000    -50.000    2    1   0.000    1.000    1.000    1.000
 175   -174.000    -50.000    2    1   0.000    1.000    1.000    1.000
 176   -175.000    -50.000    2    1   0.000    1.000    1.000    1.000
 177   -176.000    -50.000    2    1   0.000    1.000    1.000    1.000
 178   -177.000    -50.000    2    1   0.000    1.000    1.000    1.000
 179   -178.000    -50.000    2    1   0.000    1.000    1.000    1.000
 180   -179.000    -50.000    2    1   0.000    1.000    1.000    1.000
 181   -180.000    -50.000    2    1   0.000    1.000    1.000    1.000
 182   -181.000    -50.000    2    1   0.000    1.000    1.000    1.000
 183   -182.000    -50.000    2    1   0.000    1.000    1.000    1.000
 184   -183.000    -50.000    2    1   0.000    1.000    1.000    1.000
 185   -184.000    -50.000    2    1   0.000    1.000    1.000    1.000
 186   -185.000    -50.000    2    1   0.000    1.000    1.000    1.000
 187   -186.000    -50.000    2    1   0.000    1.000    1.000    1.000
 188   -187.000    -50.000    2    1   0.000    1.000    1.000    1.000
 189   -188.000    -50.000    2    1   0.000    1.000    1.000    1.000
 190   -189.000    -50.000    2    1   0.000    1.000    1.000    1.000
 191   -190.000    -50.000    2    1   0.000    1.000    1.000    1.000
 192   -191.000    -50.000    2    1   0.000    1.000    1.000    1.000
 193   -192.000    -50.000    2    1   0.000    1.000    1.000    1.000
 194   -193.000    -50.000    2    1   0.000    1.000    1.000    1.000
 195   -194.000    -50.000    2    1   0.000    1.000    1.000    1.000
 196   -195.000    -50.000    2    1   0.000    1.000    1.000    1.000
 197   -196.000    -50.000    2    1   0.000    1.000    1.000    1.000
 198   -197.000    -50.000    2    1   0.000    1.000    1.000    1.000
 199   -198.000    -50.000    2    1   0.000    1.000    1.000    1.000
 200   -199.000    -50.000    2    1   0.000    1.000    1.000    1.000
 201   -200.000    -50.000    2    1   0.000    1.000    1.000    1.000
 202   -201.000    -50.000    2    1   0.000    1.000    1.000    1.000
 203   -202.000    -50.000    2    1   0.000    1.000    1.000    1.000
 204   -203.000    -50.000    2    1   0.000    1.000    1.000    1.000
 205   -204.000    -50.000    2    1   0.000    1.000    1.000    1.000
 206   -205.000    -50.000    2    1   0.000    1.000    1.000    1.000
 207   -206.000    -50.000    2    1   0.000    1.000    1.000    1.000
 208   -207.000    -50.000    2    1   0.000    1.000    1.000    1.000
 209   -208.000    -50.000    2    1   0.000    1.000    1.000    1.000
 210   -209.000    -50.000    2    1   0.000    1.000    1.000    1.000
 211   -210.000    -50.000    2    1   0.000    1.000    1.000    1.000
 212   -211.000    -50.000    2    1   0.000    1.000    1.000    1.000
 213   -212.000    -50.000    2    1   0.000    1.000    1.000    1.000
 214   -213.000    -50.000    2    1   0.000    1.000    1.000    1.000
 215   -214.000    -50.000    2    1   0.000    1.000    1.000    1.000
 216   -215.000    -50.000    2    1   0.000    1.000    1.000    1.000
 217   -216.000    -50.000    2    1   0.000    1.000    1.000    1.000
 218   -217.000    -50.000    2    1   0.000    1.000    1.000    1.000
 219   -218.000    -50.000    2    1   0.000    1.000    1.000    1.000
 220   -219.000    -50.000    2    1   0.000    1.000    1.000    1.000
 221   -220.000    -50.000    2    1   0.000    1.000    1.000    1.000
 222   -221.000    -50.000    2    1   0.000    1.000    1.000    1.000
 223   -222.000    -50.000    2    1   0.000    1.000    1.000    1.000
 224   -223.000    -50.000    2    1   0.000    1.000    1.000    1.000
 225   -224.000    -50.000    2    1   0.000    1.000    1.000    1.000
 226   -225.000    -50.000    2    1   0.000    1.000    1.000    1.000
 227   -226.000    -50.000    2    1   0.000    1.000    1.000    1.000
 228   -227.000    -50.000    2    1   0.000    1.000    1.000    1.000
 229   -228.000    -50.000    2    1   0.000    1.000    1.000    1.000
 230   -229.000    -50.000    2    1   0.000    1.000    1.000    1.000
 231   -230.000    -50.000    2    1   0.000    1.000    1.000    1.000
 232   -231.000    -50.000    2    1   0.000    1.000    1.000    1.000
 233   -232.000    -50.000    2    1   0.000    1.000    1.000    1.000
 234   -233.000    -50.000    2    1   0.000    1.000    1.000    1.000
 235   -234.000    -50.000    2    1   0.000    1.000    1.000    1.000
 236   -235.000    -50.000    2    1   0.000    1.000    1.000    1.000
 237   -236.000    -50.000    2    1   0.000    1.000    1.000    1.000
 238   -237.000    -50.000    2    1   0.000    1.000    1.000    1.000
 239   -238.000    -50.000    2    1   0.000    1.000    1.000    1.000
 240   -239.000    -50.000    2    1   0.000    1.000    1.000    1.000
 241   -240.000    -50.000    2    1   0.000    1.000    1.000    1.000
 242   -241.000    -50.000    2    1   0.000    1.000    1.000    1.000
 243   -242.000    -50.000    2    1   0.000    1.000    1.000    1.000
 244   -243.000    -50.000    2    1   0.000    1.000    1.000    1.000
 245   -244.000    -50.000    2    1   0.000    1.000    1.000    1.000
 246   -245.000    -50.000    2    1   0.000    1.000    1.000    1.000
 247   -246.000    -50.000    2    1   0.000    1.000    1.000    1.000
 248   -247.000    -50.000    2    1   0.000    1.000    1.000    1.000
 249   -248.000    -50.000    2    1   0.000    1.000    1.000    1.000
 250   -249.000    -50.000    2    1   0.000    1.000    1.000    1.000
 251   -250.000    -50.000    2    1   0.000    1.000    1.000    1.000
 252   -251.000    -50.000    2    1   0.000    1.000    1.000    1.000
 253   -252.000    -50.000    2    1   0.000    1.000    1.000    1.000
 254   -253.000    -50.000    2    1   0.000    1.000    1.000    1.000
 255   -254.000    -50.000    2    1   0.000    1.000    1.000    1.000
 256   -255.000    -50.000    2    1   0.000    1.000    1.000    1.000
 257   -256.000    -50.000    2    1   0.000    1.000    1.000    1.000
 258   -257.000    -50.000    2    1   0.000    1.000    1.000    1.000
 259   -258.000    -50.000    2    1   0.000    1.000    1.000    1.000
 260   -259.000    -50.000    2    1   0.000    1.000    1.000    1.000
 261   -260.000    -50.000    2    1   0.000    1.000    1.000    1.000
 262   -261.000    -50.000    2    1   0.000    1.000    1.000    1.000
 263   -262.000    -50.000    2    1   0.000    1.000    1.000    1.000
 264   -263.000    -50.000    2    1   0.000    1.000    1.000    1.000
 265   -264.000    -50.000    2    1   0.000    1.000    1.000    1.000
 266   -265.000    -50.000    2    1   0.000    1.000    1.000    1.000
 267   -266.000    -50.000    2    1   0.000    1.000    1.000    1.000
 268   -267.000    -50.000    2    1   0.000    1.000    1.000    1.000
 269   -268.000    -50.000    2    1   0.000    1.000    1.000    1.000
 270   -269.000    -50.000    2    1   0.000    1.000    1.000    1.000
 271   -270.000    -50.000    2    1   0.000    1.000    1.000    1.000
 272   -271.000    -50.000    2    1   0.000    1.000    1.000    1.000
 273   -272.000    -50.000    2    1   0.000    1.000    1.000    1.000
 274   -273.000    -50.000    2    1   0.000    1.000    1.000    1.000
 275   -274.000    -50.000    2    1   0.000    1.000    1.000    1.000
 276   -275.000    -50.000    2    1   0.000    1.000    1.000    1.000
 277   -276.000    -50.000    2    1   0.000    1.000    1.000    1.000
 278   -277.000    -50.000    2    1   0.000    1.000    1.000    1.000
 279   -278.000    -50.000    2    1   0.000    1.000    1.000    1.000
 280   -279.000    -50.000    2    1   0.000    1.000    1.000    1.000
 281   -280.000    -50.000    2    1   0.000    1.000    1.000    1.000
 282   -281.000    -50.000    2    1   0.000    1.000    1.000    1.000
 283   -282.000    -50.000    2    1   0.000    1.000    1.000    1.000
 284   -283.000    -50.000    2    1   0.000    1.000    1.000    1.000
 285   -284.000    -50.000    2    1   0.000    1.000    1.000    1.000
 286   -285.000    -50.000    2    1   0.000    1.000    1.000    1.000
 287   -286.000    -50.000    2    1   0.000    1.000    1.000    1.000
 288   -287.000    -50.000    2    1   0.000    1.000    1.000    1.000
 289   -288.000    -50.000    2    1   0.000    1.000    1.000    1.000
 290   -289.000    -50.000    2    1   0.000    1.000    1.000    1.000
 291   -290.000    -50.000    2    1   0.000    1.000    1.000    1.000
 292   -291.000    -50.000    2    1   0.000    1.000    1.000    1.000
 293   -292.000    -50.000    2    1   0.000    1.000    1.000    1.000
 294   -293.000    -50.000    2    1   0.000    1.000    1.000    1.000
 295   -294.000    -50.000    2    1   0.000    1.000    1.000    1.000
 296   -295.000    -50.000    2    1   0.000    1.000    1.000    1.000
 297   -296.000    -50.000    2    1   0.000    1.000    1.000    1.000
 298   -297.000    -50.000    2    1   0.000    1.000    1.000    1.000
 299   -298.000    -50.000    2    1   0.000    1.000    1.000    1.000
 300   -299.000    -50.000    2    1   0.000    1.000    1.000    1.000
 301   -300.000    -50.000    2    1   0.000    1.000    1.000    1.000
 302   -301.000    -50.000    2    1   0.000    1.000    1.000    1.000
 303   -302.000    -50.000    2    1   0.000    1.000    1.000    1.000
 304   -303.000    -50.000    2    1   0.000    1.000    1.000    1.000
 305   -304.000    -50.000    2    1   0.000    1.000    1.000    1.000
 306   -305.000    -50.000    2    1   0.000    1.000    1.000    1.000
 307   -306.000    -50.000    2    1   0.000    1.000    1.000    1.000
 308   -307.000    -50.000    2    1   0.000    1.000    1.000    1.000
 309   -308.000    -50.000    2    1   0.000    1.000    1.000    1.000
 310   -309.000    -50.000    2    1   0.000    1.000    1.000    1.000
 311   -310.000    -50.000    2    1   0.000    1.000    1.000    1.000
 312   -311.000    -50.000    2    1   0.000    1.000    1.000    1.000
 313   -312.000    -50.000    2    1   0.000    1.000    1.000    1.000
 314   -313.000    -50.000    2    1   0.000    1.000    1.000    1.000
 315   -314.000    -50.000    2    1   0.000    1.000    1.000    1.000
 316   -315.000    -50.000    2    1   0.000    1.000    1.000    1.000
 317   -316.000    -50.000    2    1   0.000    1.000    1.000    1.000
 318   -317.000    -50.000    2    1   0.000    1.000    1.000    1.000
 319   -318.000    -50.000    2    1   0.000    1.000    1.000    1.000
 320   -319.000    -50.000    2    1   0.000    1.000    1.000    1.000
 321   -320.000    -50.000    2    1   0.000    1.000    1.000    1.000
 322   -321.000    -50.000    2    1   0.000    1.000    1.000    1.000
 323   -322.000    -50.000    2    1   0.000    1.000    1.000    1.000
 324   -323.000    -50.000    2    1   0.000    1.000    1.000    1.000
 325   -324.000    -50.000    2    1   0.000    1.000    1.000    1.000
 326   -325.000    -50.000    2    1   0.000    1.000    1.000    1.000
 327   -326.000    -50.000    2    1   0.000    1.000    1.000    1.000
 328   -327.000    -50.000    2    1   0.000    1.000    1.000    1.000
 329   -328.000    -50.000    2    1   0.000    1.000    1.000    1.000
 330   -329.000    -50.000    2    1   0.000    1.000    1.000    1.000
 331   -330.000    -50.000    2    1   0.000    1.000    1.000    1.000
 332   -331.000    -50.000    2    1   0.000    1.000    1.000    1.000
 333   -332.000    -50.000    2    1   0.000    1.000    1.000    1.000
 334   -333.000    -50.000    2    1   0.000    1.000    1.000    1.000
 335   -334.000    -50.000    2    1   0.000    1.000    1.000    1.000
 336   -335.000    -50.000    2    1   0.000    1.000    1.000    1.000
 337   -336.000    -50.000    2    1   0.000    1.000    1.000    1.000
 338   -337.000    -50.000    2    1   0.000    1.000    1.000    1.000
 339   -338.000    -50.000    2    1   0.000    1.000    1.000    1.000
 340   -339.000    -50.000    2    1   0.000    1.000    1.000    1.000
 341   -340.000    -50.000    2    1   0.000    1.000    1.000    1.000
 342   -341.000    -50.000    2    1   0.000    1.000    1.000    1.000
 343   -342.000    -50.000    2    1   0.000    1.000    1.000    1.000
 344   -343.000    -50.000    2    1   0.000    1.000    1.000    1.000
 345   -344.000    -50.000    2    1   0.000    1.000    1.000    1.000
 346   -345.000    -50.000    2    1   0.000    1.000    1.000    1.000
 347   -346.000    -50.000    2    1   0.000    1.000    1.000    1.000
 348   -347.000    -50.000    2    1   0.000    1.000    1.000    1.000
 349   -348.000    -50.000    2    1   0.000    1.000    1.000    1.000
 350   -349.000    -50.000    2    1   0.000    1.000    1.000    1.000
 351   -350.000    -50.000    2    1   0.000    1.000    1.000    1.000
 352   -351.000    -50.000    2    1   0.000    1.000    1.000    1.000
 353   -352.000    -50.000    2    1   0.000    1.000    1.000    1.000
 354   -353.000    -50.000    2    1   0.000    1.000    1.000    1.000
 355   -354.000    -50.000    2    1   0.000    1.000    1.000    1.000
 356   -355.000    -50.000    2    1   0.000    1.000    1.000    1.000
 357   -356.000    -50.000    2    1   0.000    1.000    1.000    1.000
 358   -357.000    -50.000    2    1   0.000    1.000    1.000    1.000
 359   -358.000    -50.000    2    1   0.000    1.000    1.000    1.000
 360   -359.000    -50.000    2    1   0.000    1.000    1.000    1.000
 361   -360.000    -50.000    2    1   0.000    1.000    1.000    1.000
 362   -361.000    -50.000    3    1   0.000    1.000    1.000    1.000
 363   -362.000    -50.000    3    1   0.000    1.000    1.000    1.000
 364   -363.000    -50.000    3    1   0.000    1.000    1.000    1.000
 365   -364.000    -50.000    3    1   0.000    1.000    1.000    1.000
 366   -365.000    -50.000    3    1   0.000    1.000    1.000    1.000
 367   -366.000    -50.000    3    1   0.000    1.000    1.000    1.000
 368   -367.000    -50.000    3    1   0.000    1.000    1.000    1.000
 369   -368.000    -50.000    3    1   0.000    1.000    1.000    1.000
 370   -369.000    -50.000    3    1   0.000    1.000    1.000    1.000
 371   -370.000    -50.000    3    1   0.000    1.000    1.000    1.000
 372   -371.000    -50.000    3    1   0.000    1.000    1.000    1.000
 373   -372.000    -50.000    3    1   0.000    1.000    1.000    1.000
 374   -373.000    -50.000    3    1   0.000    1.000    1.000    1.000
 375   -374.000    -50.000    3    1   0.000    1.000    1.000    1.000
 376   -375.000    -50.000    3    1   0.000    1.000    1.000    1.000
 377   -376.000    -50.000    3    1   0.000    1.000    1.000    1.000
 378   -377.000    -50.000    3    1   0.000    1.000    1.000    1.000
 379   -378.000    -50.000    3    1   0.000    1.000    1.000    1.000
 380   -379.000    -50.000    3    1   0.000    1.000    1.000    1.000
 381   -380.000    -50.000    3    1   0.000    1.000    1.000    1.000
 382   -381.000    -50.000    3    1   0.000    1.000    1.000    1.000
 383   -382.000    -50.000    3    1   0.000    1.000    1.000    1.000
 384   -383.000    -50.000    3    1   0.000    1.000    1.000    1.000
 385   -384.000    -50.000    3    1   0.000    1.000    1.000    1.000
 386   -385.000    -50.000    3    1   0.000    1.000    1.000    1.000
 387   -386.000    -50.000    3    1   0.000    1.000    1.000    1.000
 388   -387.000    -50.000    3    1   0.000    1.000    1.000    1.000
 389   -388.000    -50.000    3    1   0.000    1.000    1.000    1.000
 390   -389.000    -50.000    3    1   0.000    1.000    1.000    1.000
 391   -390.000    -50.000    3    1   0.000    1.000    1.000    1.000
 392   -391.000    -50.000    3    1   0.000    1.000    1.000    1.000
 393   -392.000    -50.000    3    1   0.000    1.000    1.000    1.000
 394   -393.000    -50.000    3    1   0.000    1.000    1.000    1.000
 395   -394.000    -50.000    3    1   0.000    1.000    1.000    1.000
 396   -395.000    -50.000    3    1   0.000    1.000    1.000    1.000
 397   -396.000    -50.000    3    1   0.000    1.000    1.000    1.000
 398   -397.000    -50.000    3    1   0.000    1.000    1.000    1.000
 399   -398.000    -50.000    3    1   0.000    1.000    1.000    1.000
 400   -399.000    -50.000    3    1   0.000    1.000    1.000    1.000
 401   -400.000    -50.000    3    1   0.000    1.000    1.000    1.000
 402   -401.000    -50.000    3    1   0.000    1.000    1.000    1.000
 403   -402.000    -50.000    3    1   0.000    1.000    1.000    1.000
 404   -403.000    -50.000    3    1   0.000    1.000    1.000    1.000
 405   -404.000    -50.000    3    1   0.000    1.000    1.000    1.000
 406   -405.000    -50.000    3    1   0.000    1.000    1.000    1.000
 407   -406.000    -50.000    3    1   0.000    1.000    1.000    1.000
 408   -407.000    -50.000    3    1   0.000    1.000    1.000    1.000
 409   -408.000    -50.000    3    1   0.000    1.000    1.000    1.000
 410   -409.000    -50.000    3    1   0.000    1.000    1.000    1.000
 411   -410.000    -50.000    3    1   0.000    1.000    1.000    1.000
 412   -411.000    -50.000    3    1   0.000    1.000    1.000    1.000
 413   -412.000    -50.000    3    1   0.000    1.000    1.000    1.000
 414   -413.000    -50.000    3    1   0.000    1.000    1.000    1.000
 415   -414.000    -50.000    3    1   0.000    1.000    1.000    1.000
 416   -415.000    -50.000    3    1   0.000    1.000    1.000    1.000
 417   -416.000    -50.000    3    1   0.000    1.000    1.000    1.000
 418   -417.000    -50.000    3    1   0.000    1.000    1.000    1.000
 419   -418.000    -50.000    3    1   0.000    1.000    1.000    1.000
 420   -419.000    -50.000    3    1   0.000    1.000    1.000    1.000
 421   -420.000    -50.000    3    1   0.000    1.000    1.000    1.000
 422   -421.000    -50.000    3    1   0.000    1.000    1.000    1.000
 423   -422.000    -50.000    3    1   0.000    1.000    1.000    1.000
 424   -423.000    -50.000    3    1   0.000    1.000    1.000    1.000
 425   -424.000    -50.000    3    1   0.000    1.000    1.000    1.000
 426   -425.000    -50.000    3    1   0.000    1.000    1.000    1.000
 427   -426.000    -50.000    3    1   0.000    1.000    1.000    1.000
 428   -427.000    -50.000    3    1   0.000    1.000    1.000    1.000
 429   -428.000    -50.000    3    1   0.000    1.000    1.000    1.000
 430   -429.000    -50.000    3    1   0.000    1.000    1.000    1.000
 431   -430.000    -50.000    3    1   0.000    1.000    1.000    1.000
 432   -431.000    -50.000    3    1   0.000    1.000    1.000    1.000
 433   -432.000    -50.000    3    1   0.000    1.000    1.000    1.000
 434   -433.000    -50.000    3    1   0.000    1.000    1.000    1.000
 435   -434.000    -50.000    3    1   0.000    1.000    1.000    1.000
 436   -435.000    -50.000    3    1   0.000    1.000    1.000    1.000
 437   -436.000    -50.000    3    1   0.000    1.000    1.000    1.000
 438   -437.000    -50.000    3    1   0.000    1.000    1.000    1.000
 439   -438.000    -50.000    3    1   0.000    1.000    1.000    1.000
 440   -439.000    -50.000    3    1   0.000    1.000    1.000    1.000
 441   -440.000    -50.000    3    1   0.000    1.000    1.000    1.000
 442   -441.000    -50.000    3    1   0.000    1.000    1.000    1.000
 443   -442.000    -50.000    3    1   0.000    1.000    1.000    1.000
 444   -443.000    -50.000    3    1   0.000    1.000    1.000    1.000
 445   -444.000    -50.000    3    1   0.000    1.000    1.000    1.000
 446   -445.000    -50.000    3    1   0.000    1.000    1.000    1.000
 447   -446.000    -50.000    3    1   0.000    1.000    1.000    1.000
 448   -447.000    -50.000    3    1   0.000    1.000    1.000    1.000
 449   -448.000    -50.000    3    1   0.000    1.000    1.000    1.000
 450   -449.000    -50.000    3    1   0.000    1.000    1.000    1.000
 451   -450.000    -50.000    3    1   0.000    1.000    1.000    1.000
 452   -451.000    -50.000    3    1   0.000    1.000    1.000    1.000
 453   -452.000    -50.000    3    1   0.000    1.000    1.000    1.000
 454   -453.000    -50.000    3    1   0.000    1.000    1.000    1.000
 455   -454.000    -50.000    3    1   0.000    1.000    1.000    1.000
 456   -455.000    -50.000    3    1   0.000    1.000    1.000    1.000
 457   -456.000    -50.000    3    1   0.000    1.000    1.000    1.000
 458   -457.000    -50.000    3    1   0.000    1.000    1.000    1.000
 459   -458.000    -50.000    3    1   0.000    1.000    1.000    1.000
 460   -459.000    -50.000    3    1   0.000    1.000    1.000    1.000
 461   -460.000    -50.000    3    1   0.000    1.000    1.000    1.000
 462   -461.000    -50.000    3    1   0.000    1.000    1.000    1.000
 463   -462.000    -50.000    3    1   0.000    1.000    1.000    1.000
 464   -463.000    -50.000    3    1   0.000    1.000    1.000    1.000
 465   -464.000    -50.000    3    1   0.000    1.000    1.000    1.000
 466   -465.000    -50.000    3    1   0.000    1.000    1.000    1.000
 467   -466.000    -50.000    3    1   0.000    1.000    1.000    1.000
 468   -467.000    -50.000    3    1   0.000    1.000    1.000    1.000
 469   -468.000    -50.000    3    1   0.000    1.000    1.000    1.000
 470   -469.000    -50.000    3    1   0.000    1.000    1.000    1.000
 471   -470.000    -50.000    3    1   0.000    1.000    1.000    1.000
 472   -471.000    -50.000    3    1   0.000    1.000    1.000    1.000
 473   -472.000    -50.000    3    1   0.000    1.000    1.000    1.000
 474   -473.000    -50.000    3    1   0.000    1.000    1.000    1.000
 475   -474.000    -50.000    3    1   0.000    1.000    1.000    1.000
 476   -475.000    -50.000    3    1   0.000    1.000    1.000    1.000
 477   -476.000    -50.000    3    1   0.000    1.000    1.000    1.000
 478   -477.000    -50.000    3    1   0.000    1.000    1.000    1.000
 479   -478.000    -50.000    3    1   0.000    1.000    1.000    1.000
 480   -479.000    -50.000    3    1   0.000    1.000    1.000    1.000
 481   -480.000    -50.000    3    1   0.000    1.000    1.000    1.000
 482   -481.000    -50.000    3    1   0.000    1.000    1.000    1.000
 483   -482.000    -50.000    3    1   0.000    1.000    1.000    1.000
 484   -483.000    -50.000    3    1   0.000    1.000    1.000    1.000
 485   -484.000    -50.000    3    1   0.000    1.000    1.000    1.000
 486   -485.000    -50.000    3    1   0.000    1.000    1.000    1.000
 487   -486.000    -50.000    3    1   0.000    1.000    1.000    1.000
 488   -487.000    -50.000    3    1   0.000    1.000    1.000    1.000
 489   -488.000    -50.000    3    1   0.000    1.000    1.000    1.000
 490   -489.000    -50.000    3    1   0.000    1.000    1.000    1.000
 491   -490.000    -50.000    3    1   0.000    1.000    1.000    1.000
 492   -491.000    -50.000    3    1   0.000    1.000    1.000    1.000
 493   -492.000    -50.000    3    1   0.000    1.000    1.000    1.000
 494   -493.000    -50.000    3    1   0.000    1.000    1.000    1.000
 495   -494.000    -50.000    3    1   0.000    1.000    1.000    1.000
 496   -495.000    -50.000    3    1   0.000    1.000    1.000    1.000
 497   -496.000    -50.000    3    1   0.000    1.000    1.000    1.000
 498   -497.000    -50.000    3    1   0.000    1.000    1.000    1.000
 499   -498.000    -50.000    3    1   0.000    1.000    1.000    1.000
 500   -499.000    -50.000    3    1   0.000    1.000    1.000    1.000
 501   -500.000    -50.000    3    1   0.000    1.000    1.000    1.000
 502   -501.000    -50.000    3    1   0.000    1.000    1.000    1.000
 503   -502.000    -50.000    3    1   0.000    1.000    1.000    1.000
 504   -503.000    -50.000    3    1   0.000    1.000    1.000    1.000
 505   -504.000    -50.000    3    1   0.000    1.000    1.000    1.000
 506   -505.000    -50.000    3    1   0.000    1.000    1.000    1.000
 507   -506.000    -50.000    3    1   0.000    1.000    1.000    1.000
 508   -507.000    -50.000    3    1   0.000    1.000    1.000    1.000
 509   -508.000    -50.000    3    1   0.000    1.000    1.000    1.000
 510   -509.000    -50.000    3    1   0.000    1.000    1.000    1.000
 511   -510.000    -50.000    3    1   0.000    1.000    1.000    1.000
 512   -511.000    -50.000    3    1   0.000    1.000    1.000    1.000
 513   -512.000    -50.000    3    1   0.000    1.000    1.000    1.000
 514   -513.000    -50.000    3    1   0.000    1.000    1.000    1.000
 515   -514.000    -50.000    3    1   0.000    1.000    1.000    1.000
 516   -515.000    -50.000    3    1   0.000    1.000    1.000    1.000
 517   -516.000    -50.000    3    1   0.000    1.000    1.000    1.000
 518   -517.000    -50.000    3    1   0.000    1.000    1.000    1.000
 519   -518.000    -50.000    3    1   0.000    1.000    1.000    1.000
 520   -519.000    -50.000    3    1   0.000    1.000    1.000    1.000
 521   -520.000    -50.000    3    1   0.000    1.000    1.000    1.000
 522   -521.000    -50.000    3    1   0.000    1.000    1.000    1.000
 523   -522.000    -50.000    3    1   0.000    1.000    1.000    1.000
 524   -523.000    -50.000    3    1   0.000    1.000    1.000    1.000
 525   -524.000    -50.000    3    1   0.000    1.000    1.000    1.000
 526   -525.000    -50.000    3    1   0.000    1.000    1.000    1.000
 527   -526.000    -50.000    3    1   0.000    1.000    1.000    1.000
 528   -527.000    -50.000    3    1   0.000    1.000    1.000    1.000
 529   -528.000    -50.000    3    1   0.000    1.000    1.000    1.000
 530   -529.000    -50.000    3    1   0.000    1.000    1.000    1.000
 531   -530.000    -50.000    3    1   0.000    1.000    1.000    1.000
 532   -531.000    -50.000    3    1   0.000    1.000    1.000    1.000
 533   -532.000    -50.000    3    1   0.000    1.000    1.000    1.000
 534   -533.000    -50.000    3    1   0.000    1.000    1.000    1.000
 535   -534.000    -50.000    3    1   0.000    1.000    1.000    1.000
 536   -535.000    -50.000    3    1   0.000    1.000    1.000    1.000
 537   -536.000    -50.000    3    1   0.000    1.000    1.000    1.000
 538   -537.000    -50.000    3    1   0.000    1.000    1.000    1.000
 539   -538.000    -50.000    3    1   0.000    1.000    1.000    1.000
 540   -539.000    -50.000    3    1   0.000    1.000    1.000    1.000
 541   -540.000    -50.000    3    1   0.000    1.000    1.000    1.000
 542   -541.000    -50.000    3    1   0.000    1.000    1.000    1.000
 543   -542.000    -50.000    3    1   0.000    1.000    1.000    1.000
 544   -543.000    -50.000    3    1   0.000    1.000    1.000    1.000
 545   -544.000    -50.000    3    1   0.000    1.000    1.000    1.000
 546   -545.000    -50.000    3    1   0.000    1.000    1.000    1.000
 547   -546.000    -50.000    3    1   0.000    1.000    1.000    1.000
 548   -547.000    -50.000    3    1   0.000    1.000    1.000    1.000
 549   -548.000    -50.000    3    1   0.000    1.000    1.000    1.000
 550   -549.000    -50.000    3    1   0.000    1.000    1.000    1.000
 551   -550.000    -50.000    3    1   0.000    1.000    1.000    1.000
 552   -551.000    -50.000    3    1   0.000    1.000    1.000    1.000
 553   -552.000    -50.000    3    1   0.000    1.000    1.000    1.000
 554   -553.000    -50.000    3    1   0.000    1.000    1.000    1.000
 555   -554.000    -50.000    3    1   0.000    1.000    1.000    1.000
 556   -555.000    -50.000    3    1   0.000    1.000    1.000    1.000
 557   -556.000    -50.000    3    1   0.000    1.000    1.000    1.000
 558   -557.000    -50.000    3    1   0.000    1.000    1.000    1.000
 559   -558.000    -50.000    3    1   0.000    1.000    1.000    1.000
 560   -559.000    -50.000    3    1   0.000    1.000    1.000    1.000
 561   -560.000    -50.000    3    1   0.000    1.000    1.000    1.000
 562   -561.000    -50.000    3    1   0.000    1.000    1.000    1.000
 563   -562.000    -50.000    3    1   0.000    1.000    1.000    1.000
 564   -563.000    -50.000    3    1   0.000    1.000    1.000    1.000
 565   -564.000    -50.000    3    1   0.000    1.000    1.000    1.000
 566   -565.000    -50.000    3    1   0.000    1.000    1.000    1.000
 567   -566.000    -50.000    3    1   0.000    1.000    1.000    1.000
 568   -567.000    -50.000    3    1   0.000    1.000    1.000    1.000
 569   -568.000    -50.000    3    1   0.000    1.000    1.000    1.000
 570   -569.000    -50.000    3    1   0.000    1.000    1.000    1.000
 571   -570.000    -50.000    3    1   0.000    1.000    1.000    1.000
 572   -571.000    -50.000    3    1   0.000    1.000    1.000    1.000
 573   -572.000    -50.000    3    1   0.000    1.000    1.000    1.000
 574   -573.000    -50.000    3    1   0.000    1.000    1.000    1.000
 575   -574.000    -50.000    3    1   0.000    1.000    1.000    1.000
 576   -575.000    -50.000    3    1   0.000    1.000    1.000    1.000
 577   -576.000    -50.000    3    1   0.000    1.000    1.000    1.000
 578   -577.000    -50.000    3    1   0.000    1.000    1.000    1.000
 579   -578.000    -50.000    3    1   0.000    1.000    1.000    1.000
 580   -579.000    -50.000    3    1   0.000    1.000    1.000    1.000
 581   -580.000    -50.000    3    1   0.000    1.000    1.000    1.000
 582   -581.000    -50.000    3    1   0.000    1.000    1.000    1.000
 583   -582.000    -50.000    3    1   0.000    1.000    1.000    1.000
 584   -583.000    -50.000    3    1   0.000    1.000    1.000    1.000
 585   -584.000    -50.000    3    1   0.000    1.000    1.000    1.000
 586   -585.000    -50.000    3    1   0.000    1.000    1.000    1.000
 587   -586.000    -50.000    3    1   0.000    1.000    1.000    1.000
 588   -587.000    -50.000    3    1   0.000    1.000    1.000    1.000
 589   -588.000    -50.000    3    1   0.000    1.000    1.000    1.000
 590   -589.000    -50.000    3    1   0.000    1.000    1.000    1.000
 591   -590.000    -50.000    3    1   0.000    1.000    1.000    1.000
 592   -591.000    -50.000    3    1   0.000    1.000    1.000    1.000
 593   -592.000    -50.000    3    1   0.000    1.000    1.000    1.000
 594   -593.000    -50.000    3    1   0.000    1.000    1.000    1.000
 595   -594.000    -50.000    3    1   0.000    1.000    1.000    1.000
 596   -595.000    -50.000    3    1   0.000    1.000    1.000    1.000
 597   -596.000    -50.000    3    1   0.000    1.000    1.000    1.000
 598   -597.000    -50.000    3    1   0.000    1.000    1.000    1.000
 599   -598.000    -50.000    3    1   0.000    1.000    1.000    1.000
 600   -599.000    -50.000    3    1   0.000    1.000    1.000    1.000
 601   -600.000    -50.000    3    1   0.000    1.000    1.000    1.000
 602   -601.000    -50.000    3    1   0.000    1.000    1.000    1.000
 603   -602.000    -50.000    3    1   0.000    1.000    1.000    1.000
 604   -603.000    -50.000    3    1   0.000    1.000    1.000    1.000
 605   -604.000    -50.000    3    1   0.000    1.000    1.000    1.000
 606   -605.000    -50.000    3    1   0.000    1.000    1.000    1.000
 607   -606.000    -50.000    3    1   0.000    1.000    1.000    1.000
 608   -607.000    -50.000    3    1   0.000    1.000    1.000    1.000
 609   -608.000    -50.000    3    1   0.000    1.000    1.000    1.000
 610   -609.000    -50.000    3    1   0.000    1.000    1.000    1.000
 611   -610.000    -50.000    3    1   0.000    1.000    1.000    1.000
 612   -611.000    -49.000    3    1   0.000    1.000    1.000    1.000
 613   -612.000    -48.000    3    1   0.000    1.000    1.000    1.000
 614   -613.000    -47.000    3    1   0.000    1.000    1.000    1.000
 615   -614.000    -46.000    3    1   0.000    1.000    1.000    1.000
 616   -615.000    -45.000    3    1   0.000    1.000    1.000    1.000
 617   -616.000    -44.000    3    1   0.000    1.000    1.000    1.000
 618   -617.000    -43.000    3    1   0.000    1.000    1.000    1.000
 619   -618.000    -42.000    3    1   0.000    1.000    1.000    1.000
 620   -619.000    -41.000    3    1   0.000    1.000    1.000    1.000
 621   -620.000    -40.000    3    1   0.000    1.000    1.000    1.000
 622   -621.000    -39.000    3    1   0.000    1.000    1.000    1.000
 623   -622.000    -38.000    3    1   0.000    1.000    1.000    1.000
 624   -623.000    -37.000    3    1   0.000    1.000    1.000    1.000
 625   -624.000    -36.000    3    1   0.000    1.000    1.000    1.000
 626   -625.000    -35.000    3    1   0.000    1.000    1.000    1.000
 627   -626.000    -34.000    3    1   0.000    1.000    1.000    1.000
 628   -627.000    -33.000    3    1   0.000    1.000    1.000    1.000
 629   -628.000    -32.000    3    1   0.000    1.000    1.000    1.000
 630   -629.000    -31.000    3    1   0.000    1.000    1.000    1.000
 631   -630.000    -30.000    3    1   0.000    1.000    1.000    1.000
 632   -631.000    -29.000    3    1   0.000    1.000    1.000    1.000
 633   -632.000    -28.000    3    1   0.000    1.000    1.000    1.000
 634   -633.000    -27.000    3    1   0.000    1.000    1.000    1.000
 635   -634.000    -26.000    3    1   0.000    1.000    1.000    1.000
 636   -635.000    -25.000    3    1   0.000    1.000    1.000    1.000
 637   -636.000    -24.000    3    1   0.000    1.000    1.000    1.000
 638   -637.000    -23.000    3    1   0.000    1.000    1.000    1.000
 639   -638.000    -22.000    3    1   0.000    1.000    1.000    1.000
 640   -639.000    -21.000    3    1   0.000    1.000    1.000    1.000
 641   -640.000    -20.000    3    1   0.000    1.000    1.000    1.000
 642   -641.000    -19.000    3    1   0.000    1.000    1.000    1.000
 643   -642.000    -18.000    3    1   0.000    1.000    1.000    1.000
 644   -643.000    -17.000    3    1   0.000    1.000    1.000    1.000
 645   -644.000    -16.000    3    1   0.000    1.000    1.000    1.000
 646   -645.000    -15.000    3    1   0.000    1.000    1.000    1.000
 647   -646.000    -14.000    3    1   0.000    1.000    1.000    1.000
 648   -647.000    -13.000    3    1   0.000    1.000    1.000    1.000
 649   -648.000    -12.000    3    1   0.000    1.000    1.000    1.000
 650   -649.000    -11.000    3    1   0.000    1.000    1.000    1.000
 651   -650.000    -10.000    3    1   0.000    1.000    1.000    1.000
 652   -651.000     -9.000    3    1   0.000    1.000    1.000    1.000
 653   -652.000     -8.000    3    1   0.000    1.000    1.000    1.000
 654   -653.000     -7.000    3    1   0.000    1.000    1.000    1.000
 655   -654.000     -6.000    3    1   0.000    1.000    1.000    1.000
 656   -655.000     -5.000    3    1   0.000    1.000    1.000    1.000
 657   -656.000     -4.000    3    1   0.000    1.000    1.000    1.000
 658   -657.000     -3.000    3    1   0.000    1.000    1.000    1.000
 659   -658.000     -2.000    3    1   0.000    1.000    1.000    1.000
 660   -659.000     -1.000    3    1   0.000    1.000    1.000    1.000
 661   -660.000      0.000    3    1   0.000    1.000    1.000    1.000
end

 Number of species in the chain :   0


MatNum, Param. array:

   Mat     Qr     Qs        Alfa         n          Ks      l       Qm     Qa     Qk       Kk

    1    0.025  0.400   0.100E-01   0.248E+01   0.136E+04  0.500
    2    0.057  0.410   0.200E-02   0.361E+01   0.123E+00  0.500
    3    0.025  0.350   0.150E-01   0.353E+01   0.374E+04  2.080
    4    0.025  0.400   0.700E-02   0.276E+01   0.238E+03  0.500

       Table of Hydraulic Properties which are interpolated in simulation
       =================================================================

  theta         h        log h        C             K        log K          S          Kv

  0.4000  -0.100E+00 -0.1000E+01  0.0000E+00  0.1356E+04  0.3132E+01    1.0000  0.0000E+00
  0.4000  -0.112E+00 -0.9495E+00  0.0000E+00  0.1356E+04  0.3132E+01    1.0000  0.0000E+00
  0.4000  -0.126E+00 -0.8990E+00  0.0000E+00  0.1356E+04  0.3132E+01    1.0000  0.0000E+00
  0.4000  -0.142E+00 -0.8485E+00  0.0000E+00  0.1356E+04  0.3132E+01    1.0000  0.0000E+00
  0.4000  -0.159E+00 -0.7980E+00  0.0000E+00  0.1356E+04  0.3132E+01    1.0000  0.0000E+00
  0.4000  -0.179E+00 -0.7475E+00  0.0000E+00  0.1356E+04  0.3132E+01    1.0000  0.0000E+00
  0.4000  -0.201E+00 -0.6970E+00  0.0000E+00  0.1356E+04  0.3132E+01    1.0000  0.0000E+00
  0.4000  -0.226E+00 -0.6465E+00  0.0000E+00  0.1356E+04  0.3132E+01    1.0000  0.0000E+00
  0.4000  -0.254E+00 -0.5960E+00  0.0000E+00  0.1356E+04  0.3132E+01    1.0000  0.0000E+00
  0.4000  -0.285E+00 -0.5455E+00  0.0000E+00  0.1356E+04  0.3132E+01    1.0000  0.0000E+00
  0.4000  -0.320E+00 -0.4949E+00  0.0000E+00  0.1356E+04  0.3132E+01    1.0000  0.0000E+00
  0.4000  -0.359E+00 -0.4444E+00  0.0000E+00  0.1356E+04  0.3132E+01    1.0000  0.0000E+00
  0.4000  -0.404E+00 -0.3939E+00  0.0000E+00  0.1356E+04  0.3132E+01    1.0000  0.0000E+00
  0.4000  -0.453E+00 -0.3434E+00  0.0000E+00  0.1356E+04  0.3132E+01    1.0000  0.0000E+00
  0.4000  -0.509E+00 -0.2929E+00  0.0000E+00  0.1356E+04  0.3132E+01    1.0000  0.0000E+00
  0.4000  -0.572E+00 -0.2424E+00  0.0000E+00  0.1356E+04  0.3132E+01    1.0000  0.0000E+00
  0.4000  -0.643E+00 -0.1919E+00  0.0000E+00  0.1356E+04  0.3132E+01    1.0000  0.0000E+00
  0.4000  -0.722E+00 -0.1414E+00  0.0000E+00  0.1356E+04  0.3132E+01    1.0000  0.0000E+00
  0.4000  -0.811E+00 -0.9091E-01  0.0000E+00  0.1356E+04  0.3132E+01    1.0000  0.0000E+00
  0.4000  -0.911E+00 -0.4040E-01  0.0000E+00  0.1356E+04  0.3132E+01    1.0000  0.0000E+00
  0.4000  -0.102E+01  0.1010E-01  0.0000E+00  0.1356E+04  0.3132E+01    1.0000  0.0000E+00
  0.4000  -0.115E+01  0.6061E-01  0.0000E+00  0.1356E+04  0.3132E+01    1.0000  0.0000E+00
  0.4000  -0.129E+01  0.1111E+00  0.0000E+00  0.1356E+04  0.3132E+01    1.0000  0.0000E+00
  0.4000  -0.145E+01  0.1616E+00  0.0000E+00  0.1356E+04  0.3132E+01    1.0000  0.0000E+00
  0.4000  -0.163E+01  0.2121E+00  0.0000E+00  0.1356E+04  0.3132E+01    1.0000  0.0000E+00
  0.4000  -0.183E+01  0.2626E+00  0.0000E+00  0.1356E+04  0.3132E+01    1.0000  0.0000E+00
  0.4000  -0.206E+01  0.3131E+00  0.1769E-04  0.1356E+04  0.3132E+01    1.0000  0.1566E-25
  0.4000  -0.231E+01  0.3636E+00  0.2101E-04  0.1354E+04  0.3132E+01    1.0000  0.6147E-23
  0.4000  -0.260E+01  0.4141E+00  0.2495E-04  0.1352E+04  0.3131E+01    1.0000  0.7361E-22
  0.4000  -0.292E+01  0.4646E+00  0.2964E-04  0.1350E+04  0.3130E+01    0.9999  0.4338E-21
  0.4000  -0.327E+01  0.5152E+00  0.3520E-04  0.1347E+04  0.3129E+01    0.9999  0.1873E-20
  0.4000  -0.368E+01  0.5657E+00  0.4181E-04  0.1344E+04  0.3128E+01    0.9999  0.6812E-20
  0.3999  -0.413E+01  0.6162E+00  0.4966E-04  0.1340E+04  0.3127E+01    0.9998  0.2240E-19
  0.3999  -0.464E+01  0.6667E+00  0.5897E-04  0.1335E+04  0.3126E+01    0.9997  0.6881E-19
  0.3999  -0.521E+01  0.7172E+00  0.7003E-04  0.1330E+04  0.3124E+01    0.9996  0.2020E-18
  0.3998  -0.586E+01  0.7677E+00  0.8315E-04  0.1323E+04  0.3122E+01    0.9995  0.5744E-18
  0.3998  -0.658E+01  0.8182E+00  0.9872E-04  0.1316E+04  0.3119E+01    0.9993  0.1596E-17
  0.3997  -0.739E+01  0.8687E+00  0.1172E-03  0.1307E+04  0.3116E+01    0.9991  0.4366E-17
  0.3995  -0.830E+01  0.9192E+00  0.1391E-03  0.1296E+04  0.3113E+01    0.9988  0.1179E-16
  0.3994  -0.933E+01  0.9697E+00  0.1650E-03  0.1283E+04  0.3108E+01    0.9984  0.3157E-16
  0.3992  -0.105E+02  0.1020E+01  0.1957E-03  0.1268E+04  0.3103E+01    0.9978  0.8390E-16
  0.3989  -0.118E+02  0.1071E+01  0.2320E-03  0.1250E+04  0.3097E+01    0.9971  0.2218E-15
  0.3985  -0.132E+02  0.1121E+01  0.2749E-03  0.1229E+04  0.3090E+01    0.9961  0.5835E-15
  0.3981  -0.148E+02  0.1172E+01  0.3254E-03  0.1205E+04  0.3081E+01    0.9948  0.1529E-14
  0.3974  -0.167E+02  0.1222E+01  0.3847E-03  0.1176E+04  0.3070E+01    0.9931  0.3991E-14
  0.3965  -0.187E+02  0.1273E+01  0.4541E-03  0.1142E+04  0.3058E+01    0.9908  0.1037E-13
  0.3954  -0.210E+02  0.1323E+01  0.5349E-03  0.1102E+04  0.3042E+01    0.9877  0.2685E-13
  0.3939  -0.236E+02  0.1374E+01  0.6285E-03  0.1056E+04  0.3024E+01    0.9837  0.6911E-13
  0.3919  -0.266E+02  0.1424E+01  0.7358E-03  0.1004E+04  0.3002E+01    0.9784  0.1768E-12
  0.3893  -0.298E+02  0.1475E+01  0.8575E-03  0.9439E+03  0.2975E+01    0.9714  0.4483E-12
  0.3859  -0.335E+02  0.1525E+01  0.9932E-03  0.8763E+03  0.2943E+01    0.9624  0.1125E-11
  0.3815  -0.376E+02  0.1576E+01  0.1142E-02  0.8012E+03  0.2904E+01    0.9506  0.2787E-11
  0.3758  -0.423E+02  0.1626E+01  0.1299E-02  0.7192E+03  0.2857E+01    0.9355  0.6787E-11
  0.3686  -0.475E+02  0.1677E+01  0.1460E-02  0.6317E+03  0.2800E+01    0.9163  0.1618E-10
  0.3596  -0.534E+02  0.1727E+01  0.1615E-02  0.5408E+03  0.2733E+01    0.8922  0.3753E-10
  0.3485  -0.599E+02  0.1778E+01  0.1752E-02  0.4494E+03  0.2653E+01    0.8626  0.8427E-10
  0.3351  -0.673E+02  0.1828E+01  0.1859E-02  0.3610E+03  0.2558E+01    0.8269  0.1819E-09
  0.3194  -0.756E+02  0.1879E+01  0.1921E-02  0.2793E+03  0.2446E+01    0.7850  0.3751E-09
  0.3014  -0.850E+02  0.1929E+01  0.1927E-02  0.2075E+03  0.2317E+01    0.7370  0.7341E-09
  0.2814  -0.955E+02  0.1980E+01  0.1873E-02  0.1477E+03  0.2169E+01    0.6837  0.1357E-08
  0.2600  -0.107E+03  0.2030E+01  0.1762E-02  0.1006E+03  0.2003E+01    0.6266  0.2361E-08
  0.2377  -0.120E+03  0.2081E+01  0.1603E-02  0.6578E+02  0.1818E+01    0.5672  0.3861E-08
  0.2153  -0.135E+03  0.2131E+01  0.1414E-02  0.4132E+02  0.1616E+01    0.5074  0.5941E-08
  0.1934  -0.152E+03  0.2182E+01  0.1211E-02  0.2504E+02  0.1399E+01    0.4491  0.8627E-08
  0.1726  -0.171E+03  0.2232E+01  0.1011E-02  0.1470E+02  0.1167E+01    0.3937  0.1187E-07
  0.1534  -0.192E+03  0.2283E+01  0.8262E-03  0.8402E+01  0.9244E+00    0.3423  0.1557E-07
  0.1358  -0.215E+03  0.2333E+01  0.6627E-03  0.4696E+01  0.6717E+00    0.2956  0.1958E-07
  0.1202  -0.242E+03  0.2384E+01  0.5235E-03  0.2578E+01  0.4112E+00    0.2538  0.2372E-07
  0.1064  -0.272E+03  0.2434E+01  0.4087E-03  0.1395E+01  0.1445E+00    0.2169  0.2786E-07
  0.0943  -0.305E+03  0.2485E+01  0.3160E-03  0.7460E+00 -0.1273E+00    0.1848  0.3186E-07
  0.0839  -0.343E+03  0.2535E+01  0.2425E-03  0.3955E+00 -0.4028E+00    0.1570  0.3563E-07
  0.0749  -0.385E+03  0.2586E+01  0.1851E-03  0.2083E+00 -0.6814E+00    0.1330  0.3911E-07
  0.0672  -0.433E+03  0.2636E+01  0.1406E-03  0.1091E+00 -0.9622E+00    0.1126  0.4227E-07
  0.0607  -0.486E+03  0.2687E+01  0.1065E-03  0.5692E-01 -0.1245E+01    0.0951  0.4510E-07
  0.0551  -0.546E+03  0.2737E+01  0.8043E-04  0.2961E-01 -0.1529E+01    0.0803  0.4761E-07
  0.0504  -0.614E+03  0.2788E+01  0.6063E-04  0.1537E-01 -0.1813E+01    0.0678  0.4981E-07
  0.0464  -0.689E+03  0.2838E+01  0.4564E-04  0.7960E-02 -0.2099E+01    0.0572  0.5172E-07
  0.0431  -0.774E+03  0.2889E+01  0.3432E-04  0.4119E-02 -0.2385E+01    0.0482  0.5338E-07
  0.0402  -0.870E+03  0.2939E+01  0.2579E-04  0.2129E-02 -0.2672E+01    0.0406  0.5480E-07
  0.0378  -0.977E+03  0.2990E+01  0.1936E-04  0.1100E-02 -0.2959E+01    0.0342  0.5603E-07
  0.0358  -0.110E+04  0.3040E+01  0.1453E-04  0.5677E-03 -0.3246E+01    0.0288  0.5707E-07
  0.0341  -0.123E+04  0.3091E+01  0.1090E-04  0.2929E-03 -0.3533E+01    0.0243  0.5796E-07
  0.0327  -0.138E+04  0.3141E+01  0.8177E-05  0.1511E-03 -0.3821E+01    0.0204  0.5872E-07
  0.0315  -0.156E+04  0.3192E+01  0.6132E-05  0.7793E-04 -0.4108E+01    0.0172  0.5936E-07
  0.0304  -0.175E+04  0.3242E+01  0.4598E-05  0.4018E-04 -0.4396E+01    0.0145  0.5990E-07
  0.0296  -0.196E+04  0.3293E+01  0.3447E-05  0.2072E-04 -0.4684E+01    0.0122  0.6035E-07
  0.0289  -0.221E+04  0.3343E+01  0.2584E-05  0.1068E-04 -0.4971E+01    0.0103  0.6073E-07
  0.0282  -0.248E+04  0.3394E+01  0.1937E-05  0.5506E-05 -0.5259E+01    0.0086  0.6105E-07
  0.0277  -0.278E+04  0.3444E+01  0.1452E-05  0.2838E-05 -0.5547E+01    0.0073  0.6132E-07
  0.0273  -0.313E+04  0.3495E+01  0.1088E-05  0.1463E-05 -0.5835E+01    0.0061  0.6154E-07
  0.0269  -0.351E+04  0.3545E+01  0.8156E-06  0.7539E-06 -0.6123E+01    0.0052  0.6173E-07
  0.0266  -0.394E+04  0.3596E+01  0.6113E-06  0.3886E-06 -0.6411E+01    0.0043  0.6188E-07
  0.0264  -0.443E+04  0.3646E+01  0.4582E-06  0.2003E-06 -0.6698E+01    0.0037  0.6200E-07
  0.0262  -0.498E+04  0.3697E+01  0.3434E-06  0.1032E-06 -0.6986E+01    0.0031  0.6209E-07
  0.0260  -0.559E+04  0.3747E+01  0.2574E-06  0.5320E-07 -0.7274E+01    0.0026  0.6217E-07
  0.0258  -0.628E+04  0.3798E+01  0.1929E-06  0.2742E-07 -0.7562E+01    0.0022  0.6222E-07
  0.0257  -0.705E+04  0.3848E+01  0.1446E-06  0.1413E-07 -0.7850E+01    0.0018  0.6226E-07
  0.0256  -0.792E+04  0.3899E+01  0.1083E-06  0.7283E-08 -0.8138E+01    0.0015  0.6228E-07
  0.0255  -0.890E+04  0.3949E+01  0.8120E-07  0.3753E-08 -0.8426E+01    0.0013  0.6229E-07
  0.0254  -0.100E+05  0.4000E+01  0.6086E-07  0.1934E-08 -0.8713E+01    0.0011  0.6228E-07
end

  0.4100  -0.100E+00 -0.1000E+01  0.4084E-12  0.1230E+00 -0.9101E+00    1.0000  0.0000E+00
  0.4100  -0.112E+00 -0.9495E+00  0.5533E-12  0.1230E+00 -0.9101E+00    1.0000  0.0000E+00
  0.4100  -0.126E+00 -0.8990E+00  0.7495E-12  0.1230E+00 -0.9101E+00    1.0000  0.0000E+00
  0.4100  -0.142E+00 -0.8485E+00  0.1015E-11  0.1230E+00 -0.9101E+00    1.0000  0.0000E+00
  0.4100  -0.159E+00 -0.7980E+00  0.1375E-11  0.1230E+00 -0.9101E+00    1.0000  0.0000E+00
  0.4100  -0.179E+00 -0.7475E+00  0.1863E-11  0.1230E+00 -0.9101E+00    1.0000  0.0000E+00
  0.4100  -0.201E+00 -0.6970E+00  0.2524E-11  0.1230E+00 -0.9101E+00    1.0000  0.0000E+00
  0.4100  -0.226E+00 -0.6465E+00  0.3419E-11  0.1230E+00 -0.9101E+00    1.0000  0.0000E+00
  0.4100  -0.254E+00 -0.5960E+00  0.4631E-11  0.1230E+00 -0.9101E+00    1.0000  0.0000E+00
  0.4100  -0.285E+00 -0.5455E+00  0.6273E-11  0.1230E+00 -0.9101E+00    1.0000  0.0000E+00
  0.4100  -0.320E+00 -0.4949E+00  0.8498E-11  0.1230E+00 -0.9101E+00    1.0000  0.0000E+00
  0.4100  -0.359E+00 -0.4444E+00  0.1151E-10  0.1230E+00 -0.9101E+00    1.0000  0.0000E+00
  0.4100  -0.404E+00 -0.3939E+00  0.1559E-10  0.1230E+00 -0.9101E+00    1.0000  0.0000E+00
  0.4100  -0.453E+00 -0.3434E+00  0.2112E-10  0.1230E+00 -0.9101E+00    1.0000  0.0000E+00
  0.4100  -0.509E+00 -0.2929E+00  0.2861E-10  0.1230E+00 -0.9101E+00    1.0000  0.0000E+00
  0.4100  -0.572E+00 -0.2424E+00  0.3876E-10  0.1230E+00 -0.9101E+00    1.0000  0.0000E+00
  0.4100  -0.643E+00 -0.1919E+00  0.5251E-10  0.1230E+00 -0.9101E+00    1.0000  0.0000E+00
  0.4100  -0.722E+00 -0.1414E+00  0.7113E-10  0.1230E+00 -0.9101E+00    1.0000  0.0000E+00
  0.4100  -0.811E+00 -0.9091E-01  0.9635E-10  0.1230E+00 -0.9101E+00    1.0000  0.0000E+00
  0.4100  -0.911E+00 -0.4040E-01  0.1305E-09  0.1230E+00 -0.9101E+00    1.0000  0.0000E+00
  0.4100  -0.102E+01  0.1010E-01  0.1768E-09  0.1230E+00 -0.9101E+00    1.0000  0.0000E+00
  0.4100  -0.115E+01  0.6061E-01  0.2395E-09  0.1230E+00 -0.9101E+00    1.0000  0.0000E+00
  0.4100  -0.129E+01  0.1111E+00  0.3244E-09  0.1230E+00 -0.9101E+00    1.0000  0.0000E+00
  0.4100  -0.145E+01  0.1616E+00  0.4395E-09  0.1230E+00 -0.9101E+00    1.0000  0.0000E+00
  0.4100  -0.163E+01  0.2121E+00  0.5953E-09  0.1230E+00 -0.9101E+00    1.0000  0.0000E+00
  0.4100  -0.183E+01  0.2626E+00  0.8065E-09  0.1230E+00 -0.9101E+00    1.0000  0.0000E+00
  0.4100  -0.206E+01  0.3131E+00  0.1092E-08  0.1230E+00 -0.9101E+00    1.0000  0.0000E+00
  0.4100  -0.231E+01  0.3636E+00  0.1480E-08  0.1230E+00 -0.9101E+00    1.0000  0.0000E+00
  0.4100  -0.260E+01  0.4141E+00  0.2005E-08  0.1230E+00 -0.9101E+00    1.0000  0.0000E+00
  0.4100  -0.292E+01  0.4646E+00  0.2716E-08  0.1230E+00 -0.9101E+00    1.0000  0.0000E+00
  0.4100  -0.327E+01  0.5152E+00  0.3679E-08  0.1230E+00 -0.9101E+00    1.0000  0.0000E+00
  0.4100  -0.368E+01  0.5657E+00  0.4983E-08  0.1230E+00 -0.9101E+00    1.0000  0.0000E+00
  0.4100  -0.413E+01  0.6162E+00  0.6750E-08  0.1230E+00 -0.9101E+00    1.0000  0.0000E+00
  0.4100  -0.464E+01  0.6667E+00  0.9144E-08  0.1230E+00 -0.9101E+00    1.0000  0.0000E+00
  0.4100  -0.521E+01  0.7172E+00  0.1239E-07  0.1230E+00 -0.9101E+00    1.0000  0.1293E-30
  0.4100  -0.586E+01  0.7677E+00  0.1678E-07  0.1230E+00 -0.9101E+00    1.0000  0.1293E-30
  0.4100  -0.658E+01  0.8182E+00  0.2273E-07  0.1230E+00 -0.9101E+00    1.0000  0.1293E-30
  0.4100  -0.739E+01  0.8687E+00  0.3079E-07  0.1230E+00 -0.9101E+00    1.0000  0.1304E-29
  0.4100  -0.830E+01  0.9192E+00  0.4171E-07  0.1230E+00 -0.9101E+00    1.0000  0.5036E-29
  0.4100  -0.933E+01  0.9697E+00  0.5650E-07  0.1230E+00 -0.9101E+00    1.0000  0.2764E-28
  0.4100  -0.105E+02  0.1020E+01  0.7654E-07  0.1230E+00 -0.9101E+00    1.0000  0.8486E-28
  0.4100  -0.118E+02  0.1071E+01  0.1037E-06  0.1230E+00 -0.9101E+00    1.0000  0.3828E-27
  0.4100  -0.132E+02  0.1121E+01  0.1404E-06  0.1230E+00 -0.9102E+00    1.0000  0.1634E-26
  0.4100  -0.148E+02  0.1172E+01  0.1902E-06  0.1230E+00 -0.9102E+00    1.0000  0.6734E-26
  0.4100  -0.167E+02  0.1222E+01  0.2577E-06  0.1230E+00 -0.9102E+00    1.0000  0.2831E-25
  0.4100  -0.187E+02  0.1273E+01  0.3491E-06  0.1230E+00 -0.9103E+00    1.0000  0.1156E-24
  0.4100  -0.210E+02  0.1323E+01  0.4729E-06  0.1229E+00 -0.9103E+00    1.0000  0.4713E-24
  0.4100  -0.236E+02  0.1374E+01  0.6406E-06  0.1229E+00 -0.9104E+00    1.0000  0.1887E-23
  0.4100  -0.266E+02  0.1424E+01  0.8677E-06  0.1229E+00 -0.9105E+00    1.0000  0.7581E-23
  0.4100  -0.298E+02  0.1475E+01  0.1175E-05  0.1228E+00 -0.9107E+00    1.0000  0.3084E-22
  0.4100  -0.335E+02  0.1525E+01  0.1592E-05  0.1228E+00 -0.9109E+00    1.0000  0.1249E-21
  0.4100  -0.376E+02  0.1576E+01  0.2157E-05  0.1227E+00 -0.9111E+00    0.9999  0.5068E-21
  0.4100  -0.423E+02  0.1626E+01  0.2921E-05  0.1226E+00 -0.9115E+00    0.9999  0.2055E-20
  0.4099  -0.475E+02  0.1677E+01  0.3957E-05  0.1225E+00 -0.9120E+00    0.9999  0.8320E-20
  0.4099  -0.534E+02  0.1727E+01  0.5359E-05  0.1223E+00 -0.9127E+00    0.9998  0.3368E-19
  0.4099  -0.599E+02  0.1778E+01  0.7257E-05  0.1220E+00 -0.9136E+00    0.9997  0.1365E-18
  0.4098  -0.673E+02  0.1828E+01  0.9827E-05  0.1217E+00 -0.9149E+00    0.9995  0.5526E-18
  0.4097  -0.756E+02  0.1879E+01  0.1330E-04  0.1212E+00 -0.9166E+00    0.9992  0.2236E-17
  0.4096  -0.850E+02  0.1929E+01  0.1800E-04  0.1205E+00 -0.9189E+00    0.9988  0.9051E-17
  0.4094  -0.955E+02  0.1980E+01  0.2435E-04  0.1197E+00 -0.9221E+00    0.9982  0.3659E-16
  0.4090  -0.107E+03  0.2030E+01  0.3291E-04  0.1185E+00 -0.9264E+00    0.9972  0.1477E-15
  0.4085  -0.120E+03  0.2081E+01  0.4443E-04  0.1169E+00 -0.9323E+00    0.9958  0.5952E-15
  0.4077  -0.135E+03  0.2131E+01  0.5987E-04  0.1147E+00 -0.9404E+00    0.9936  0.2391E-14
  0.4066  -0.152E+03  0.2182E+01  0.8046E-04  0.1118E+00 -0.9515E+00    0.9903  0.9563E-14
  0.4048  -0.171E+03  0.2232E+01  0.1077E-03  0.1080E+00 -0.9667E+00    0.9853  0.3799E-13
  0.4022  -0.192E+03  0.2283E+01  0.1433E-03  0.1029E+00 -0.9876E+00    0.9779  0.1494E-12
  0.3983  -0.215E+03  0.2333E+01  0.1889E-03  0.9636E-01 -0.1016E+01    0.9668  0.5785E-12
  0.3925  -0.242E+03  0.2384E+01  0.2457E-03  0.8806E-01 -0.1055E+01    0.9504  0.2191E-11
  0.3842  -0.272E+03  0.2434E+01  0.3134E-03  0.7790E-01 -0.1108E+01    0.9268  0.8030E-11
  0.3724  -0.305E+03  0.2485E+01  0.3890E-03  0.6597E-01 -0.1181E+01    0.8934  0.2810E-10
  0.3563  -0.343E+03  0.2535E+01  0.4650E-03  0.5281E-01 -0.1277E+01    0.8478  0.9229E-10
  0.3351  -0.385E+03  0.2586E+01  0.5291E-03  0.3940E-01 -0.1404E+01    0.7879  0.2786E-09
  0.3090  -0.433E+03  0.2636E+01  0.5663E-03  0.2703E-01 -0.1568E+01    0.7138  0.7570E-09
  0.2786  -0.486E+03  0.2687E+01  0.5648E-03  0.1689E-01 -0.1772E+01    0.6277  0.1818E-08
  0.2458  -0.546E+03  0.2737E+01  0.5225E-03  0.9576E-02 -0.2019E+01    0.5349  0.3818E-08
  0.2130  -0.614E+03  0.2788E+01  0.4491E-03  0.4945E-02 -0.2306E+01    0.4419  0.7007E-08
  0.1824  -0.689E+03  0.2838E+01  0.3613E-03  0.2351E-02 -0.2629E+01    0.3552  0.1134E-07
  0.1554  -0.774E+03  0.2889E+01  0.2751E-03  0.1044E-02 -0.2981E+01    0.2789  0.1646E-07
  0.1329  -0.870E+03  0.2939E+01  0.2006E-03  0.4398E-03 -0.3357E+01    0.2151  0.2184E-07
  0.1148  -0.977E+03  0.2990E+01  0.1417E-03  0.1781E-03 -0.3749E+01    0.1636  0.2698E-07
  0.1005  -0.110E+04  0.3040E+01  0.9779E-04  0.7013E-04 -0.4154E+01    0.1233  0.3157E-07
  0.0896  -0.123E+04  0.3091E+01  0.6642E-04  0.2708E-04 -0.4567E+01    0.0923  0.3544E-07
  0.0813  -0.138E+04  0.3141E+01  0.4462E-04  0.1032E-04 -0.4986E+01    0.0688  0.3859E-07
  0.0750  -0.156E+04  0.3192E+01  0.2976E-04  0.3898E-05 -0.5409E+01    0.0511  0.4109E-07
  0.0704  -0.175E+04  0.3242E+01  0.1974E-04  0.1464E-05 -0.5835E+01    0.0379  0.4302E-07
  0.0669  -0.196E+04  0.3293E+01  0.1306E-04  0.5473E-06 -0.6262E+01    0.0280  0.4450E-07
  0.0643  -0.221E+04  0.3343E+01  0.8618E-05  0.2041E-06 -0.6690E+01    0.0207  0.4561E-07
  0.0624  -0.248E+04  0.3394E+01  0.5679E-05  0.7599E-07 -0.7119E+01    0.0153  0.4645E-07
  0.0610  -0.278E+04  0.3444E+01  0.3739E-05  0.2826E-07 -0.7549E+01    0.0113  0.4707E-07
  0.0600  -0.313E+04  0.3495E+01  0.2460E-05  0.1050E-07 -0.7979E+01    0.0084  0.4753E-07
  0.0592  -0.351E+04  0.3545E+01  0.1618E-05  0.3900E-08 -0.8409E+01    0.0062  0.4787E-07
  0.0586  -0.394E+04  0.3596E+01  0.1064E-05  0.1448E-08 -0.8839E+01    0.0046  0.4811E-07
  0.0582  -0.443E+04  0.3646E+01  0.6994E-06  0.5376E-09 -0.9270E+01    0.0034  0.4829E-07
  0.0579  -0.498E+04  0.3697E+01  0.4597E-06  0.1995E-09 -0.9700E+01    0.0025  0.4841E-07
  0.0576  -0.559E+04  0.3747E+01  0.3021E-06  0.7405E-10 -0.1013E+02    0.0018  0.4849E-07
  0.0575  -0.628E+04  0.3798E+01  0.1986E-06  0.2748E-10 -0.1056E+02    0.0014  0.4855E-07
  0.0574  -0.705E+04  0.3848E+01  0.1305E-06  0.1020E-10 -0.1099E+02    0.0010  0.4858E-07
  0.0573  -0.792E+04  0.3899E+01  0.8577E-07  0.3784E-11 -0.1142E+02    0.0007  0.4859E-07
  0.0572  -0.890E+04  0.3949E+01  0.5637E-07  0.1404E-11 -0.1185E+02    0.0005  0.4859E-07
  0.0571  -0.100E+05  0.4000E+01  0.3704E-07  0.5210E-12 -0.1228E+02    0.0004  0.4857E-07
end

  0.3500  -0.100E+00 -0.1000E+01  0.0000E+00  0.3737E+04  0.3573E+01    1.0000  0.0000E+00
  0.3500  -0.112E+00 -0.9495E+00  0.0000E+00  0.3737E+04  0.3573E+01    1.0000  0.0000E+00
  0.3500  -0.126E+00 -0.8990E+00  0.0000E+00  0.3737E+04  0.3573E+01    1.0000  0.0000E+00
  0.3500  -0.142E+00 -0.8485E+00  0.0000E+00  0.3737E+04  0.3573E+01    1.0000  0.0000E+00
  0.3500  -0.159E+00 -0.7980E+00  0.0000E+00  0.3737E+04  0.3573E+01    1.0000  0.0000E+00
  0.3500  -0.179E+00 -0.7475E+00  0.0000E+00  0.3737E+04  0.3573E+01    1.0000  0.0000E+00
  0.3500  -0.201E+00 -0.6970E+00  0.0000E+00  0.3737E+04  0.3573E+01    1.0000  0.0000E+00
  0.3500  -0.226E+00 -0.6465E+00  0.0000E+00  0.3737E+04  0.3573E+01    1.0000  0.0000E+00
  0.3500  -0.254E+00 -0.5960E+00  0.0000E+00  0.3737E+04  0.3573E+01    1.0000  0.0000E+00
  0.3500  -0.285E+00 -0.5455E+00  0.0000E+00  0.3737E+04  0.3573E+01    1.0000  0.0000E+00
  0.3500  -0.320E+00 -0.4949E+00  0.0000E+00  0.3737E+04  0.3573E+01    1.0000  0.0000E+00
  0.3500  -0.359E+00 -0.4444E+00  0.0000E+00  0.3737E+04  0.3573E+01    1.0000  0.0000E+00
  0.3500  -0.404E+00 -0.3939E+00  0.0000E+00  0.3737E+04  0.3573E+01    1.0000  0.0000E+00
  0.3500  -0.453E+00 -0.3434E+00  0.0000E+00  0.3737E+04  0.3573E+01    1.0000  0.0000E+00
  0.3500  -0.509E+00 -0.2929E+00  0.0000E+00  0.3737E+04  0.3573E+01    1.0000  0.0000E+00
  0.3500  -0.572E+00 -0.2424E+00  0.0000E+00  0.3737E+04  0.3573E+01    1.0000  0.0000E+00
  0.3500  -0.643E+00 -0.1919E+00  0.0000E+00  0.3737E+04  0.3573E+01    1.0000  0.0000E+00
  0.3500  -0.722E+00 -0.1414E+00  0.0000E+00  0.3737E+04  0.3573E+01    1.0000  0.0000E+00
  0.3500  -0.811E+00 -0.9091E-01  0.0000E+00  0.3737E+04  0.3573E+01    1.0000  0.0000E+00
  0.3500  -0.911E+00 -0.4040E-01  0.0000E+00  0.3737E+04  0.3573E+01    1.0000  0.0000E+00
  0.3500  -0.102E+01  0.1010E-01  0.0000E+00  0.3737E+04  0.3573E+01    1.0000  0.0000E+00
  0.3500  -0.115E+01  0.6061E-01  0.0000E+00  0.3737E+04  0.3573E+01    1.0000  0.0000E+00
  0.3500  -0.129E+01  0.1111E+00  0.0000E+00  0.3737E+04  0.3573E+01    1.0000  0.0000E+00
  0.3500  -0.145E+01  0.1616E+00  0.0000E+00  0.3737E+04  0.3573E+01    1.0000  0.0000E+00
  0.3500  -0.163E+01  0.2121E+00  0.0000E+00  0.3737E+04  0.3573E+01    1.0000  0.0000E+00
  0.3500  -0.183E+01  0.2626E+00  0.0000E+00  0.3737E+04  0.3573E+01    1.0000  0.0000E+00
  0.3500  -0.206E+01  0.3131E+00  0.1857E-05  0.3737E+04  0.3573E+01    1.0000  0.1803E-28
  0.3500  -0.231E+01  0.3636E+00  0.2492E-05  0.3737E+04  0.3572E+01    1.0000  0.6141E-26
  0.3500  -0.260E+01  0.4141E+00  0.3345E-05  0.3736E+04  0.3572E+01    1.0000  0.8730E-25
  0.3500  -0.292E+01  0.4646E+00  0.4489E-05  0.3735E+04  0.3572E+01    1.0000  0.6238E-24
  0.3500  -0.327E+01  0.5152E+00  0.6025E-05  0.3734E+04  0.3572E+01    1.0000  0.3627E-23
  0.3500  -0.368E+01  0.5657E+00  0.8085E-05  0.3733E+04  0.3572E+01    1.0000  0.1770E-22
  0.3500  -0.413E+01  0.6162E+00  0.1085E-04  0.3731E+04  0.3572E+01    1.0000  0.7957E-22
  0.3500  -0.464E+01  0.6667E+00  0.1456E-04  0.3729E+04  0.3572E+01    0.9999  0.3435E-21
  0.3500  -0.521E+01  0.7172E+00  0.1954E-04  0.3726E+04  0.3571E+01    0.9999  0.1429E-20
  0.3500  -0.586E+01  0.7677E+00  0.2622E-04  0.3721E+04  0.3571E+01    0.9999  0.5819E-20
  0.3499  -0.658E+01  0.8182E+00  0.3519E-04  0.3715E+04  0.3570E+01    0.9998  0.2344E-19
  0.3499  -0.739E+01  0.8687E+00  0.4721E-04  0.3707E+04  0.3569E+01    0.9997  0.9361E-19
  0.3499  -0.830E+01  0.9192E+00  0.6334E-04  0.3696E+04  0.3568E+01    0.9995  0.3715E-18
  0.3498  -0.933E+01  0.9697E+00  0.8496E-04  0.3681E+04  0.3566E+01    0.9993  0.1469E-17
  0.3497  -0.105E+02  0.1020E+01  0.1139E-03  0.3661E+04  0.3564E+01    0.9990  0.5792E-17
  0.3495  -0.118E+02  0.1071E+01  0.1527E-03  0.3634E+04  0.3560E+01    0.9984  0.2278E-16
  0.3492  -0.132E+02  0.1121E+01  0.2046E-03  0.3597E+04  0.3556E+01    0.9976  0.8942E-16
  0.3488  -0.148E+02  0.1172E+01  0.2737E-03  0.3547E+04  0.3550E+01    0.9964  0.3501E-15
  0.3483  -0.167E+02  0.1222E+01  0.3658E-03  0.3479E+04  0.3541E+01    0.9946  0.1367E-14
  0.3474  -0.187E+02  0.1273E+01  0.4878E-03  0.3388E+04  0.3530E+01    0.9920  0.5316E-14
  0.3461  -0.210E+02  0.1323E+01  0.6483E-03  0.3266E+04  0.3514E+01    0.9879  0.2056E-13
  0.3441  -0.236E+02  0.1374E+01  0.8574E-03  0.3104E+04  0.3492E+01    0.9819  0.7886E-13
  0.3412  -0.266E+02  0.1424E+01  0.1126E-02  0.2894E+04  0.3461E+01    0.9731  0.2988E-12
  0.3370  -0.298E+02  0.1475E+01  0.1463E-02  0.2626E+04  0.3419E+01    0.9600  0.1113E-11
  0.3309  -0.335E+02  0.1525E+01  0.1873E-02  0.2296E+04  0.3361E+01    0.9412  0.4038E-11
  0.3222  -0.376E+02  0.1576E+01  0.2345E-02  0.1910E+04  0.3281E+01    0.9144  0.1413E-10
  0.3101  -0.423E+02  0.1626E+01  0.2849E-02  0.1486E+04  0.3172E+01    0.8772  0.4698E-10
  0.2939  -0.475E+02  0.1677E+01  0.3325E-02  0.1061E+04  0.3026E+01    0.8275  0.1459E-09
  0.2733  -0.534E+02  0.1727E+01  0.3686E-02  0.6814E+03  0.2833E+01    0.7640  0.4147E-09
  0.2484  -0.599E+02  0.1778E+01  0.3840E-02  0.3861E+03  0.2587E+01    0.6873  0.1059E-08
  0.2202  -0.673E+02  0.1828E+01  0.3733E-02  0.1907E+03  0.2280E+01    0.6007  0.2392E-08
  0.1906  -0.756E+02  0.1879E+01  0.3377E-02  0.8195E+02  0.1914E+01    0.5095  0.4750E-08
  0.1615  -0.850E+02  0.1929E+01  0.2853E-02  0.3087E+02  0.1490E+01    0.4200  0.8305E-08
  0.1347  -0.955E+02  0.1980E+01  0.2269E-02  0.1037E+02  0.1016E+01    0.3376  0.1293E-07
  0.1114  -0.107E+03  0.2030E+01  0.1717E-02  0.3169E+01  0.5010E+00    0.2658  0.1822E-07
  0.0919  -0.120E+03  0.2081E+01  0.1251E-02  0.9010E+00 -0.4525E-01    0.2059  0.2366E-07
  0.0762  -0.135E+03  0.2131E+01  0.8852E-03  0.2428E+00 -0.6148E+00    0.1576  0.2881E-07
  0.0639  -0.152E+03  0.2182E+01  0.6139E-03  0.6296E-01 -0.1201E+01    0.1197  0.3337E-07
  0.0543  -0.171E+03  0.2232E+01  0.4197E-03  0.1589E-01 -0.1799E+01    0.0903  0.3723E-07
  0.0471  -0.192E+03  0.2283E+01  0.2841E-03  0.3938E-02 -0.2405E+01    0.0679  0.4038E-07
  0.0415  -0.215E+03  0.2333E+01  0.1910E-03  0.9638E-03 -0.3016E+01    0.0508  0.4288E-07
  0.0374  -0.242E+03  0.2384E+01  0.1279E-03  0.2339E-03 -0.3631E+01    0.0380  0.4484E-07
  0.0342  -0.272E+03  0.2434E+01  0.8532E-04  0.5644E-04 -0.4248E+01    0.0284  0.4635E-07
  0.0319  -0.305E+03  0.2485E+01  0.5682E-04  0.1357E-04 -0.4867E+01    0.0212  0.4751E-07
  0.0301  -0.343E+03  0.2535E+01  0.3779E-04  0.3253E-05 -0.5488E+01    0.0158  0.4839E-07
  0.0288  -0.385E+03  0.2586E+01  0.2511E-04  0.7788E-06 -0.6109E+01    0.0118  0.4905E-07
  0.0279  -0.433E+03  0.2636E+01  0.1668E-04  0.1862E-06 -0.6730E+01    0.0088  0.4954E-07
  0.0271  -0.486E+03  0.2687E+01  0.1107E-04  0.4450E-07 -0.7352E+01    0.0066  0.4991E-07
  0.0266  -0.546E+03  0.2737E+01  0.7347E-05  0.1063E-07 -0.7974E+01    0.0049  0.5019E-07
  0.0262  -0.614E+03  0.2788E+01  0.4875E-05  0.2537E-08 -0.8596E+01    0.0036  0.5040E-07
  0.0259  -0.689E+03  0.2838E+01  0.3234E-05  0.6056E-09 -0.9218E+01    0.0027  0.5055E-07
  0.0257  -0.774E+03  0.2889E+01  0.2146E-05  0.1445E-09 -0.9840E+01    0.0020  0.5067E-07
  0.0255  -0.870E+03  0.2939E+01  0.1423E-05  0.3449E-10 -0.1046E+02    0.0015  0.5075E-07
  0.0254  -0.977E+03  0.2990E+01  0.9443E-06  0.8231E-11 -0.1108E+02    0.0011  0.5081E-07
  0.0253  -0.110E+04  0.3040E+01  0.6264E-06  0.1964E-11 -0.1171E+02    0.0008  0.5086E-07
  0.0252  -0.123E+04  0.3091E+01  0.4155E-06  0.4686E-12 -0.1233E+02    0.0006  0.5089E-07
  0.0252  -0.138E+04  0.3141E+01  0.2756E-06  0.1118E-12 -0.1295E+02    0.0005  0.5091E-07
  0.0251  -0.156E+04  0.3192E+01  0.1828E-06  0.2668E-13 -0.1357E+02    0.0003  0.5092E-07
  0.0251  -0.175E+04  0.3242E+01  0.1213E-06  0.6365E-14 -0.1420E+02    0.0003  0.5093E-07
  0.0251  -0.196E+04  0.3293E+01  0.8044E-07  0.1519E-14 -0.1482E+02    0.0002  0.5093E-07
  0.0250  -0.221E+04  0.3343E+01  0.5335E-07  0.3624E-15 -0.1544E+02    0.0001  0.5093E-07
  0.0250  -0.248E+04  0.3394E+01  0.3539E-07  0.8645E-16 -0.1606E+02    0.0001  0.5093E-07
  0.0250  -0.278E+04  0.3444E+01  0.2347E-07  0.2063E-16 -0.1669E+02    0.0001  0.5092E-07
  0.0250  -0.313E+04  0.3495E+01  0.1557E-07  0.4922E-17 -0.1731E+02    0.0001  0.5091E-07
  0.0250  -0.351E+04  0.3545E+01  0.1033E-07  0.1174E-17 -0.1793E+02    0.0000  0.5090E-07
  0.0250  -0.394E+04  0.3596E+01  0.6851E-08  0.2802E-18 -0.1855E+02    0.0000  0.5089E-07
  0.0250  -0.443E+04  0.3646E+01  0.4544E-08  0.6685E-19 -0.1917E+02    0.0000  0.5087E-07
  0.0250  -0.498E+04  0.3697E+01  0.3014E-08  0.1595E-19 -0.1980E+02    0.0000  0.5085E-07
  0.0250  -0.559E+04  0.3747E+01  0.1999E-08  0.3805E-20 -0.2042E+02    0.0000  0.5083E-07
  0.0250  -0.628E+04  0.3798E+01  0.1326E-08  0.9079E-21 -0.2104E+02    0.0000  0.5080E-07
  0.0250  -0.705E+04  0.3848E+01  0.8797E-09  0.2166E-21 -0.2166E+02    0.0000  0.5078E-07
  0.0250  -0.792E+04  0.3899E+01  0.5835E-09  0.5168E-22 -0.2229E+02    0.0000  0.5075E-07
  0.0250  -0.890E+04  0.3949E+01  0.3871E-09  0.1233E-22 -0.2291E+02    0.0000  0.5071E-07
  0.0250  -0.100E+05  0.4000E+01  0.2567E-09  0.2942E-23 -0.2353E+02    0.0000  0.5067E-07
end

  0.4000  -0.100E+00 -0.1000E+01  0.0000E+00  0.2380E+03  0.2377E+01    1.0000  0.0000E+00
  0.4000  -0.112E+00 -0.9495E+00  0.0000E+00  0.2380E+03  0.2377E+01    1.0000  0.0000E+00
  0.4000  -0.126E+00 -0.8990E+00  0.0000E+00  0.2380E+03  0.2377E+01    1.0000  0.0000E+00
  0.4000  -0.142E+00 -0.8485E+00  0.0000E+00  0.2380E+03  0.2377E+01    1.0000  0.0000E+00
  0.4000  -0.159E+00 -0.7980E+00  0.0000E+00  0.2380E+03  0.2377E+01    1.0000  0.0000E+00
  0.4000  -0.179E+00 -0.7475E+00  0.0000E+00  0.2380E+03  0.2377E+01    1.0000  0.0000E+00
  0.4000  -0.201E+00 -0.6970E+00  0.0000E+00  0.2380E+03  0.2377E+01    1.0000  0.0000E+00
  0.4000  -0.226E+00 -0.6465E+00  0.0000E+00  0.2380E+03  0.2377E+01    1.0000  0.0000E+00
  0.4000  -0.254E+00 -0.5960E+00  0.0000E+00  0.2380E+03  0.2377E+01    1.0000  0.0000E+00
  0.4000  -0.285E+00 -0.5455E+00  0.0000E+00  0.2380E+03  0.2377E+01    1.0000  0.0000E+00
  0.4000  -0.320E+00 -0.4949E+00  0.0000E+00  0.2380E+03  0.2377E+01    1.0000  0.0000E+00
  0.4000  -0.359E+00 -0.4444E+00  0.0000E+00  0.2380E+03  0.2377E+01    1.0000  0.0000E+00
  0.4000  -0.404E+00 -0.3939E+00  0.0000E+00  0.2380E+03  0.2377E+01    1.0000  0.0000E+00
  0.4000  -0.453E+00 -0.3434E+00  0.0000E+00  0.2380E+03  0.2377E+01    1.0000  0.0000E+00
  0.4000  -0.509E+00 -0.2929E+00  0.0000E+00  0.2380E+03  0.2377E+01    1.0000  0.0000E+00
  0.4000  -0.572E+00 -0.2424E+00  0.0000E+00  0.2380E+03  0.2377E+01    1.0000  0.0000E+00
  0.4000  -0.643E+00 -0.1919E+00  0.0000E+00  0.2380E+03  0.2377E+01    1.0000  0.0000E+00
  0.4000  -0.722E+00 -0.1414E+00  0.0000E+00  0.2380E+03  0.2377E+01    1.0000  0.0000E+00
  0.4000  -0.811E+00 -0.9091E-01  0.0000E+00  0.2380E+03  0.2377E+01    1.0000  0.0000E+00
  0.4000  -0.911E+00 -0.4040E-01  0.0000E+00  0.2380E+03  0.2377E+01    1.0000  0.0000E+00
  0.4000  -0.102E+01  0.1010E-01  0.0000E+00  0.2380E+03  0.2377E+01    1.0000  0.0000E+00
  0.4000  -0.115E+01  0.6061E-01  0.0000E+00  0.2380E+03  0.2377E+01    1.0000  0.0000E+00
  0.4000  -0.129E+01  0.1111E+00  0.0000E+00  0.2380E+03  0.2377E+01    1.0000  0.0000E+00
  0.4000  -0.145E+01  0.1616E+00  0.0000E+00  0.2380E+03  0.2377E+01    1.0000  0.0000E+00
  0.4000  -0.163E+01  0.2121E+00  0.0000E+00  0.2380E+03  0.2377E+01    1.0000  0.0000E+00
  0.4000  -0.183E+01  0.2626E+00  0.0000E+00  0.2380E+03  0.2377E+01    1.0000  0.0000E+00
  0.4000  -0.206E+01  0.3131E+00  0.2649E-05  0.2380E+03  0.2377E+01    1.0000  0.1380E-28
  0.4000  -0.231E+01  0.3636E+00  0.3251E-05  0.2379E+03  0.2376E+01    1.0000  0.1018E-25
  0.4000  -0.260E+01  0.4141E+00  0.3989E-05  0.2379E+03  0.2376E+01    1.0000  0.1425E-24
  0.4000  -0.292E+01  0.4646E+00  0.4895E-05  0.2378E+03  0.2376E+01    1.0000  0.8931E-24
  0.4000  -0.327E+01  0.5152E+00  0.6007E-05  0.2376E+03  0.2376E+01    1.0000  0.4230E-23
  0.4000  -0.368E+01  0.5657E+00  0.7371E-05  0.2375E+03  0.2376E+01    1.0000  0.1686E-22
  0.4000  -0.413E+01  0.6162E+00  0.9045E-05  0.2373E+03  0.2375E+01    1.0000  0.5990E-22
  0.4000  -0.464E+01  0.6667E+00  0.1110E-04  0.2371E+03  0.2375E+01    1.0000  0.2014E-21
  0.4000  -0.521E+01  0.7172E+00  0.1362E-04  0.2369E+03  0.2374E+01    0.9999  0.6485E-21
  0.4000  -0.586E+01  0.7677E+00  0.1671E-04  0.2365E+03  0.2374E+01    0.9999  0.2030E-20
  0.4000  -0.658E+01  0.8182E+00  0.2051E-04  0.2361E+03  0.2373E+01    0.9999  0.6216E-20
  0.3999  -0.739E+01  0.8687E+00  0.2516E-04  0.2357E+03  0.2372E+01    0.9998  0.1879E-19
  0.3999  -0.830E+01  0.9192E+00  0.3087E-04  0.2351E+03  0.2371E+01    0.9998  0.5621E-19
  0.3999  -0.933E+01  0.9697E+00  0.3787E-04  0.2343E+03  0.2370E+01    0.9997  0.1668E-18
  0.3998  -0.105E+02  0.1020E+01  0.4646E-04  0.2334E+03  0.2368E+01    0.9995  0.4924E-18
  0.3998  -0.118E+02  0.1071E+01  0.5698E-04  0.2323E+03  0.2366E+01    0.9994  0.1448E-17
  0.3997  -0.132E+02  0.1121E+01  0.6988E-04  0.2310E+03  0.2364E+01    0.9991  0.4248E-17
  0.3995  -0.148E+02  0.1172E+01  0.8568E-04  0.2293E+03  0.2360E+01    0.9988  0.1243E-16
  0.3994  -0.167E+02  0.1222E+01  0.1050E-03  0.2273E+03  0.2357E+01    0.9983  0.3628E-16
  0.3991  -0.187E+02  0.1273E+01  0.1286E-03  0.2249E+03  0.2352E+01    0.9977  0.1058E-15
  0.3988  -0.210E+02  0.1323E+01  0.1575E-03  0.2219E+03  0.2346E+01    0.9968  0.3077E-15
  0.3983  -0.236E+02  0.1374E+01  0.1927E-03  0.2182E+03  0.2339E+01    0.9956  0.8936E-15
  0.3977  -0.266E+02  0.1424E+01  0.2354E-03  0.2137E+03  0.2330E+01    0.9939  0.2589E-14
  0.3969  -0.298E+02  0.1475E+01  0.2872E-03  0.2083E+03  0.2319E+01    0.9916  0.7479E-14
  0.3957  -0.335E+02  0.1525E+01  0.3496E-03  0.2018E+03  0.2305E+01    0.9885  0.2152E-13
  0.3941  -0.376E+02  0.1576E+01  0.4243E-03  0.1940E+03  0.2288E+01    0.9843  0.6161E-13
  0.3919  -0.423E+02  0.1626E+01  0.5128E-03  0.1847E+03  0.2266E+01    0.9785  0.1751E-12
  0.3890  -0.475E+02  0.1677E+01  0.6164E-03  0.1737E+03  0.2240E+01    0.9706  0.4933E-12
  0.3850  -0.534E+02  0.1727E+01  0.7354E-03  0.1609E+03  0.2207E+01    0.9601  0.1372E-11
  0.3797  -0.599E+02  0.1778E+01  0.8689E-03  0.1464E+03  0.2166E+01    0.9460  0.3754E-11
  0.3728  -0.673E+02  0.1828E+01  0.1013E-02  0.1302E+03  0.2114E+01    0.9274  0.1005E-10
  0.3637  -0.756E+02  0.1879E+01  0.1162E-02  0.1125E+03  0.2051E+01    0.9033  0.2615E-10
  0.3522  -0.850E+02  0.1929E+01  0.1305E-02  0.9411E+02  0.1974E+01    0.8725  0.6561E-10
  0.3379  -0.955E+02  0.1980E+01  0.1427E-02  0.7567E+02  0.1879E+01    0.8343  0.1574E-09
  0.3205  -0.107E+03  0.2030E+01  0.1512E-02  0.5817E+02  0.1765E+01    0.7880  0.3577E-09
  0.3002  -0.120E+03  0.2081E+01  0.1546E-02  0.4253E+02  0.1629E+01    0.7339  0.7630E-09
  0.2774  -0.135E+03  0.2131E+01  0.1519E-02  0.2948E+02  0.1470E+01    0.6730  0.1516E-08
  0.2527  -0.152E+03  0.2182E+01  0.1431E-02  0.1935E+02  0.1287E+01    0.6072  0.2794E-08
  0.2271  -0.171E+03  0.2232E+01  0.1293E-02  0.1204E+02  0.1081E+01    0.5390  0.4764E-08
  0.2017  -0.192E+03  0.2283E+01  0.1123E-02  0.7124E+01  0.8527E+00    0.4712  0.7528E-08
  0.1773  -0.215E+03  0.2333E+01  0.9414E-03  0.4033E+01  0.6056E+00    0.4062  0.1108E-07
  0.1547  -0.242E+03  0.2384E+01  0.7648E-03  0.2197E+01  0.3419E+00    0.3459  0.1529E-07
  0.1344  -0.272E+03  0.2434E+01  0.6055E-03  0.1160E+01  0.6439E-01    0.2917  0.1994E-07
  0.1165  -0.305E+03  0.2485E+01  0.4694E-03  0.5969E+00 -0.2241E+00    0.2439  0.2479E-07
  0.1010  -0.343E+03  0.2535E+01  0.3580E-03  0.3011E+00 -0.5213E+00    0.2027  0.2959E-07
  0.0878  -0.385E+03  0.2586E+01  0.2696E-03  0.1496E+00 -0.8252E+00    0.1676  0.3416E-07
  0.0768  -0.433E+03  0.2636E+01  0.2010E-03  0.7344E-01 -0.1134E+01    0.1380  0.3836E-07
  0.0675  -0.486E+03  0.2687E+01  0.1488E-03  0.3575E-01 -0.1447E+01    0.1134  0.4214E-07
  0.0598  -0.546E+03  0.2737E+01  0.1096E-03  0.1729E-01 -0.1762E+01    0.0929  0.4547E-07
  0.0535  -0.614E+03  0.2788E+01  0.8035E-04  0.8320E-02 -0.2080E+01    0.0760  0.4835E-07
  0.0483  -0.689E+03  0.2838E+01  0.5876E-04  0.3990E-02 -0.2399E+01    0.0622  0.5081E-07
  0.0440  -0.774E+03  0.2889E+01  0.4287E-04  0.1909E-02 -0.2719E+01    0.0508  0.5289E-07
  0.0405  -0.870E+03  0.2939E+01  0.3123E-04  0.9114E-03 -0.3040E+01    0.0414  0.5464E-07
  0.0377  -0.977E+03  0.2990E+01  0.2273E-04  0.4346E-03 -0.3362E+01    0.0338  0.5610E-07
  0.0353  -0.110E+04  0.3040E+01  0.1652E-04  0.2070E-03 -0.3684E+01    0.0276  0.5731E-07
  0.0334  -0.123E+04  0.3091E+01  0.1201E-04  0.9854E-04 -0.4006E+01    0.0225  0.5831E-07
  0.0319  -0.138E+04  0.3141E+01  0.8720E-05  0.4688E-04 -0.4329E+01    0.0183  0.5914E-07
  0.0306  -0.156E+04  0.3192E+01  0.6331E-05  0.2229E-04 -0.4652E+01    0.0149  0.5981E-07
  0.0296  -0.175E+04  0.3242E+01  0.4596E-05  0.1060E-04 -0.4975E+01    0.0122  0.6036E-07
  0.0287  -0.196E+04  0.3293E+01  0.3336E-05  0.5038E-05 -0.5298E+01    0.0099  0.6082E-07
  0.0280  -0.221E+04  0.3343E+01  0.2421E-05  0.2394E-05 -0.5621E+01    0.0081  0.6118E-07
  0.0275  -0.248E+04  0.3394E+01  0.1756E-05  0.1138E-05 -0.5944E+01    0.0066  0.6148E-07
  0.0270  -0.278E+04  0.3444E+01  0.1274E-05  0.5407E-06 -0.6267E+01    0.0054  0.6172E-07
  0.0266  -0.313E+04  0.3495E+01  0.9246E-06  0.2569E-06 -0.6590E+01    0.0044  0.6191E-07
  0.0263  -0.351E+04  0.3545E+01  0.6708E-06  0.1221E-06 -0.6913E+01    0.0036  0.6206E-07
  0.0261  -0.394E+04  0.3596E+01  0.4867E-06  0.5800E-07 -0.7237E+01    0.0029  0.6217E-07
  0.0259  -0.443E+04  0.3646E+01  0.3531E-06  0.2755E-07 -0.7560E+01    0.0024  0.6226E-07
  0.0257  -0.498E+04  0.3697E+01  0.2562E-06  0.1309E-07 -0.7883E+01    0.0019  0.6233E-07
  0.0256  -0.559E+04  0.3747E+01  0.1858E-06  0.6220E-08 -0.8206E+01    0.0016  0.6238E-07
  0.0255  -0.628E+04  0.3798E+01  0.1348E-06  0.2955E-08 -0.8529E+01    0.0013  0.6241E-07
  0.0254  -0.705E+04  0.3848E+01  0.9780E-07  0.1404E-08 -0.8853E+01    0.0010  0.6242E-07
  0.0253  -0.792E+04  0.3899E+01  0.7095E-07  0.6669E-09 -0.9176E+01    0.0009  0.6242E-07
  0.0253  -0.890E+04  0.3949E+01  0.5147E-07  0.3169E-09 -0.9499E+01    0.0007  0.6241E-07
  0.0252  -0.100E+05  0.4000E+01  0.3734E-07  0.1505E-09 -0.9822E+01    0.0006  0.6239E-07
end
